CRITICAL - 2022-04-05 06:25:16 --> Cannot redeclare transform_class() (previously declared in C:\wamp64\www\dpi_ci4\app\Views\includes\componente_aplicacion.php:38)
#0 [internal function]: CodeIgniter\Debug\Exceptions->shutdownHandler()
#1 {main}
CRITICAL - 2022-04-05 06:29:57 --> Cannot redeclare transform_class() (previously declared in C:\wamp64\www\dpi_ci4\app\Views\includes\componente_aplicacion.php:38)
#0 [internal function]: CodeIgniter\Debug\Exceptions->shutdownHandler()
#1 {main}
CRITICAL - 2022-04-05 06:30:55 --> Call to undefined function transform_class()
#0 C:\wamp64\www\dpi_ci4\system\View\View.php(210): include()
#1 C:\wamp64\www\dpi_ci4\system\View\View.php(213): CodeIgniter\View\View->CodeIgniter\View\{closure}()
#2 C:\wamp64\www\dpi_ci4\system\Common.php(1089): CodeIgniter\View\View->render('includes/compon...', Array, true)
#3 C:\wamp64\www\dpi_ci4\app\Views\servicios\aplicaciones.php(85): view('includes/compon...', Array)
#4 C:\wamp64\www\dpi_ci4\system\View\View.php(210): include('C:\\wamp64\\www\\d...')
#5 C:\wamp64\www\dpi_ci4\system\View\View.php(213): CodeIgniter\View\View->CodeIgniter\View\{closure}()
#6 C:\wamp64\www\dpi_ci4\system\Common.php(1089): CodeIgniter\View\View->render('servicios/aplic...', Array, true)
#7 C:\wamp64\www\dpi_ci4\app\Views\template.php(25): view('servicios/aplic...')
#8 C:\wamp64\www\dpi_ci4\system\View\View.php(210): include('C:\\wamp64\\www\\d...')
#9 C:\wamp64\www\dpi_ci4\system\View\View.php(213): CodeIgniter\View\View->CodeIgniter\View\{closure}()
#10 C:\wamp64\www\dpi_ci4\system\Common.php(1089): CodeIgniter\View\View->render('template', Array, true)
#11 C:\wamp64\www\dpi_ci4\app\Controllers\Servicios.php(252): view('template', Array)
#12 C:\wamp64\www\dpi_ci4\system\CodeIgniter.php(832): App\Controllers\Servicios->aplicaciones()
#13 C:\wamp64\www\dpi_ci4\system\CodeIgniter.php(419): CodeIgniter\CodeIgniter->runController(Object(App\Controllers\Servicios))
#14 C:\wamp64\www\dpi_ci4\system\CodeIgniter.php(326): CodeIgniter\CodeIgniter->handleRequest(NULL, Object(Config\Cache), false)
#15 C:\wamp64\www\dpi_ci4\index.php(37): CodeIgniter\CodeIgniter->run()
#16 {main}
CRITICAL - 2022-04-05 06:32:37 --> Call to undefined function transform_class()
#0 C:\wamp64\www\dpi_ci4\system\View\View.php(210): include()
#1 C:\wamp64\www\dpi_ci4\system\View\View.php(213): CodeIgniter\View\View->CodeIgniter\View\{closure}()
#2 C:\wamp64\www\dpi_ci4\system\Common.php(1089): CodeIgniter\View\View->render('includes/compon...', Array, true)
#3 C:\wamp64\www\dpi_ci4\app\Views\servicios\aplicaciones.php(85): view('includes/compon...', Array)
#4 C:\wamp64\www\dpi_ci4\system\View\View.php(210): include('C:\\wamp64\\www\\d...')
#5 C:\wamp64\www\dpi_ci4\system\View\View.php(213): CodeIgniter\View\View->CodeIgniter\View\{closure}()
#6 C:\wamp64\www\dpi_ci4\system\Common.php(1089): CodeIgniter\View\View->render('servicios/aplic...', Array, true)
#7 C:\wamp64\www\dpi_ci4\app\Views\template.php(25): view('servicios/aplic...')
#8 C:\wamp64\www\dpi_ci4\system\View\View.php(210): include('C:\\wamp64\\www\\d...')
#9 C:\wamp64\www\dpi_ci4\system\View\View.php(213): CodeIgniter\View\View->CodeIgniter\View\{closure}()
#10 C:\wamp64\www\dpi_ci4\system\Common.php(1089): CodeIgniter\View\View->render('template', Array, true)
#11 C:\wamp64\www\dpi_ci4\app\Controllers\Servicios.php(252): view('template', Array)
#12 C:\wamp64\www\dpi_ci4\system\CodeIgniter.php(832): App\Controllers\Servicios->aplicaciones()
#13 C:\wamp64\www\dpi_ci4\system\CodeIgniter.php(419): CodeIgniter\CodeIgniter->runController(Object(App\Controllers\Servicios))
#14 C:\wamp64\www\dpi_ci4\system\CodeIgniter.php(326): CodeIgniter\CodeIgniter->handleRequest(NULL, Object(Config\Cache), false)
#15 C:\wamp64\www\dpi_ci4\index.php(37): CodeIgniter\CodeIgniter->run()
#16 {main}
CRITICAL - 2022-04-05 06:36:53 --> Call to undefined function transform_class()
#0 C:\wamp64\www\dpi_ci4\system\View\View.php(210): include()
#1 C:\wamp64\www\dpi_ci4\system\View\View.php(213): CodeIgniter\View\View->CodeIgniter\View\{closure}()
#2 C:\wamp64\www\dpi_ci4\system\Common.php(1089): CodeIgniter\View\View->render('includes/compon...', Array, true)
#3 C:\wamp64\www\dpi_ci4\app\Views\servicios\aplicaciones.php(85): view('includes/compon...', Array)
#4 C:\wamp64\www\dpi_ci4\system\View\View.php(210): include('C:\\wamp64\\www\\d...')
#5 C:\wamp64\www\dpi_ci4\system\View\View.php(213): CodeIgniter\View\View->CodeIgniter\View\{closure}()
#6 C:\wamp64\www\dpi_ci4\system\Common.php(1089): CodeIgniter\View\View->render('servicios/aplic...', Array, true)
#7 C:\wamp64\www\dpi_ci4\app\Views\template.php(25): view('servicios/aplic...')
#8 C:\wamp64\www\dpi_ci4\system\View\View.php(210): include('C:\\wamp64\\www\\d...')
#9 C:\wamp64\www\dpi_ci4\system\View\View.php(213): CodeIgniter\View\View->CodeIgniter\View\{closure}()
#10 C:\wamp64\www\dpi_ci4\system\Common.php(1089): CodeIgniter\View\View->render('template', Array, true)
#11 C:\wamp64\www\dpi_ci4\app\Controllers\Servicios.php(252): view('template', Array)
#12 C:\wamp64\www\dpi_ci4\system\CodeIgniter.php(832): App\Controllers\Servicios->aplicaciones()
#13 C:\wamp64\www\dpi_ci4\system\CodeIgniter.php(419): CodeIgniter\CodeIgniter->runController(Object(App\Controllers\Servicios))
#14 C:\wamp64\www\dpi_ci4\system\CodeIgniter.php(326): CodeIgniter\CodeIgniter->handleRequest(NULL, Object(Config\Cache), false)
#15 C:\wamp64\www\dpi_ci4\index.php(37): CodeIgniter\CodeIgniter->run()
#16 {main}
CRITICAL - 2022-04-05 06:44:40 --> Call to undefined function transform_class()
#0 C:\wamp64\www\dpi_ci4\system\View\View.php(210): include()
#1 C:\wamp64\www\dpi_ci4\system\View\View.php(213): CodeIgniter\View\View->CodeIgniter\View\{closure}()
#2 C:\wamp64\www\dpi_ci4\system\Common.php(1089): CodeIgniter\View\View->render('includes/compon...', Array, true)
#3 C:\wamp64\www\dpi_ci4\app\Views\servicios\aplicaciones.php(85): view('includes/compon...', Array)
#4 C:\wamp64\www\dpi_ci4\system\View\View.php(210): include('C:\\wamp64\\www\\d...')
#5 C:\wamp64\www\dpi_ci4\system\View\View.php(213): CodeIgniter\View\View->CodeIgniter\View\{closure}()
#6 C:\wamp64\www\dpi_ci4\system\Common.php(1089): CodeIgniter\View\View->render('servicios/aplic...', Array, true)
#7 C:\wamp64\www\dpi_ci4\app\Views\template.php(25): view('servicios/aplic...')
#8 C:\wamp64\www\dpi_ci4\system\View\View.php(210): include('C:\\wamp64\\www\\d...')
#9 C:\wamp64\www\dpi_ci4\system\View\View.php(213): CodeIgniter\View\View->CodeIgniter\View\{closure}()
#10 C:\wamp64\www\dpi_ci4\system\Common.php(1089): CodeIgniter\View\View->render('template', Array, true)
#11 C:\wamp64\www\dpi_ci4\app\Controllers\Servicios.php(252): view('template', Array)
#12 C:\wamp64\www\dpi_ci4\system\CodeIgniter.php(832): App\Controllers\Servicios->aplicaciones()
#13 C:\wamp64\www\dpi_ci4\system\CodeIgniter.php(419): CodeIgniter\CodeIgniter->runController(Object(App\Controllers\Servicios))
#14 C:\wamp64\www\dpi_ci4\system\CodeIgniter.php(326): CodeIgniter\CodeIgniter->handleRequest(NULL, Object(Config\Cache), false)
#15 C:\wamp64\www\dpi_ci4\index.php(37): CodeIgniter\CodeIgniter->run()
#16 {main}
CRITICAL - 2022-04-05 06:44:42 --> Call to undefined function transform_class()
#0 C:\wamp64\www\dpi_ci4\system\View\View.php(210): include()
#1 C:\wamp64\www\dpi_ci4\system\View\View.php(213): CodeIgniter\View\View->CodeIgniter\View\{closure}()
#2 C:\wamp64\www\dpi_ci4\system\Common.php(1089): CodeIgniter\View\View->render('includes/compon...', Array, true)
#3 C:\wamp64\www\dpi_ci4\app\Views\servicios\aplicaciones.php(85): view('includes/compon...', Array)
#4 C:\wamp64\www\dpi_ci4\system\View\View.php(210): include('C:\\wamp64\\www\\d...')
#5 C:\wamp64\www\dpi_ci4\system\View\View.php(213): CodeIgniter\View\View->CodeIgniter\View\{closure}()
#6 C:\wamp64\www\dpi_ci4\system\Common.php(1089): CodeIgniter\View\View->render('servicios/aplic...', Array, true)
#7 C:\wamp64\www\dpi_ci4\app\Views\template.php(25): view('servicios/aplic...')
#8 C:\wamp64\www\dpi_ci4\system\View\View.php(210): include('C:\\wamp64\\www\\d...')
#9 C:\wamp64\www\dpi_ci4\system\View\View.php(213): CodeIgniter\View\View->CodeIgniter\View\{closure}()
#10 C:\wamp64\www\dpi_ci4\system\Common.php(1089): CodeIgniter\View\View->render('template', Array, true)
#11 C:\wamp64\www\dpi_ci4\app\Controllers\Servicios.php(252): view('template', Array)
#12 C:\wamp64\www\dpi_ci4\system\CodeIgniter.php(832): App\Controllers\Servicios->aplicaciones()
#13 C:\wamp64\www\dpi_ci4\system\CodeIgniter.php(419): CodeIgniter\CodeIgniter->runController(Object(App\Controllers\Servicios))
#14 C:\wamp64\www\dpi_ci4\system\CodeIgniter.php(326): CodeIgniter\CodeIgniter->handleRequest(NULL, Object(Config\Cache), false)
#15 C:\wamp64\www\dpi_ci4\index.php(37): CodeIgniter\CodeIgniter->run()
#16 {main}
CRITICAL - 2022-04-05 06:50:48 --> Undefined property: CodeIgniter\View\View::$funciones
#0 C:\wamp64\www\dpi_ci4\app\Views\includes\componente_aplicacion.php(8): CodeIgniter\Debug\Exceptions->errorHandler(8, 'Undefined prope...', 'C:\\wamp64\\www\\d...', 8, Array)
#1 C:\wamp64\www\dpi_ci4\system\View\View.php(210): include('C:\\wamp64\\www\\d...')
#2 C:\wamp64\www\dpi_ci4\system\View\View.php(213): CodeIgniter\View\View->CodeIgniter\View\{closure}()
#3 C:\wamp64\www\dpi_ci4\system\Common.php(1089): CodeIgniter\View\View->render('includes/compon...', Array, true)
#4 C:\wamp64\www\dpi_ci4\app\Views\servicios\aplicaciones.php(85): view('includes/compon...', Array)
#5 C:\wamp64\www\dpi_ci4\system\View\View.php(210): include('C:\\wamp64\\www\\d...')
#6 C:\wamp64\www\dpi_ci4\system\View\View.php(213): CodeIgniter\View\View->CodeIgniter\View\{closure}()
#7 C:\wamp64\www\dpi_ci4\system\Common.php(1089): CodeIgniter\View\View->render('servicios/aplic...', Array, true)
#8 C:\wamp64\www\dpi_ci4\app\Views\template.php(25): view('servicios/aplic...')
#9 C:\wamp64\www\dpi_ci4\system\View\View.php(210): include('C:\\wamp64\\www\\d...')
#10 C:\wamp64\www\dpi_ci4\system\View\View.php(213): CodeIgniter\View\View->CodeIgniter\View\{closure}()
#11 C:\wamp64\www\dpi_ci4\system\Common.php(1089): CodeIgniter\View\View->render('template', Array, true)
#12 C:\wamp64\www\dpi_ci4\app\Controllers\Servicios.php(252): view('template', Array)
#13 C:\wamp64\www\dpi_ci4\system\CodeIgniter.php(832): App\Controllers\Servicios->aplicaciones()
#14 C:\wamp64\www\dpi_ci4\system\CodeIgniter.php(419): CodeIgniter\CodeIgniter->runController(Object(App\Controllers\Servicios))
#15 C:\wamp64\www\dpi_ci4\system\CodeIgniter.php(326): CodeIgniter\CodeIgniter->handleRequest(NULL, Object(Config\Cache), false)
#16 C:\wamp64\www\dpi_ci4\index.php(37): CodeIgniter\CodeIgniter->run()
#17 {main}
CRITICAL - 2022-04-05 06:59:37 --> Undefined property: CodeIgniter\View\View::$funciones
#0 C:\wamp64\www\dpi_ci4\app\Views\includes\componente_aplicacion.php(8): CodeIgniter\Debug\Exceptions->errorHandler(8, 'Undefined prope...', 'C:\\wamp64\\www\\d...', 8, Array)
#1 C:\wamp64\www\dpi_ci4\system\View\View.php(210): include('C:\\wamp64\\www\\d...')
#2 C:\wamp64\www\dpi_ci4\system\View\View.php(213): CodeIgniter\View\View->CodeIgniter\View\{closure}()
#3 C:\wamp64\www\dpi_ci4\system\Common.php(1089): CodeIgniter\View\View->render('includes/compon...', Array, true)
#4 C:\wamp64\www\dpi_ci4\app\Views\servicios\aplicaciones.php(85): view('includes/compon...', Array)
#5 C:\wamp64\www\dpi_ci4\system\View\View.php(210): include('C:\\wamp64\\www\\d...')
#6 C:\wamp64\www\dpi_ci4\system\View\View.php(213): CodeIgniter\View\View->CodeIgniter\View\{closure}()
#7 C:\wamp64\www\dpi_ci4\system\Common.php(1089): CodeIgniter\View\View->render('servicios/aplic...', Array, true)
#8 C:\wamp64\www\dpi_ci4\app\Views\template.php(25): view('servicios/aplic...')
#9 C:\wamp64\www\dpi_ci4\system\View\View.php(210): include('C:\\wamp64\\www\\d...')
#10 C:\wamp64\www\dpi_ci4\system\View\View.php(213): CodeIgniter\View\View->CodeIgniter\View\{closure}()
#11 C:\wamp64\www\dpi_ci4\system\Common.php(1089): CodeIgniter\View\View->render('template', Array, true)
#12 C:\wamp64\www\dpi_ci4\app\Controllers\Servicios.php(252): view('template', Array)
#13 C:\wamp64\www\dpi_ci4\system\CodeIgniter.php(832): App\Controllers\Servicios->aplicaciones()
#14 C:\wamp64\www\dpi_ci4\system\CodeIgniter.php(419): CodeIgniter\CodeIgniter->runController(Object(App\Controllers\Servicios))
#15 C:\wamp64\www\dpi_ci4\system\CodeIgniter.php(326): CodeIgniter\CodeIgniter->handleRequest(NULL, Object(Config\Cache), false)
#16 C:\wamp64\www\dpi_ci4\index.php(37): CodeIgniter\CodeIgniter->run()
#17 {main}
CRITICAL - 2022-04-05 07:00:09 --> Undefined property: CodeIgniter\View\View::$funciones
#0 C:\wamp64\www\dpi_ci4\app\Views\includes\componente_aplicacion.php(8): CodeIgniter\Debug\Exceptions->errorHandler(8, 'Undefined prope...', 'C:\\wamp64\\www\\d...', 8, Array)
#1 C:\wamp64\www\dpi_ci4\system\View\View.php(210): include('C:\\wamp64\\www\\d...')
#2 C:\wamp64\www\dpi_ci4\system\View\View.php(213): CodeIgniter\View\View->CodeIgniter\View\{closure}()
#3 C:\wamp64\www\dpi_ci4\system\Common.php(1089): CodeIgniter\View\View->render('includes/compon...', Array, true)
#4 C:\wamp64\www\dpi_ci4\app\Views\servicios\aplicaciones.php(85): view('includes/compon...', Array)
#5 C:\wamp64\www\dpi_ci4\system\View\View.php(210): include('C:\\wamp64\\www\\d...')
#6 C:\wamp64\www\dpi_ci4\system\View\View.php(213): CodeIgniter\View\View->CodeIgniter\View\{closure}()
#7 C:\wamp64\www\dpi_ci4\system\Common.php(1089): CodeIgniter\View\View->render('servicios/aplic...', Array, true)
#8 C:\wamp64\www\dpi_ci4\app\Views\template.php(25): view('servicios/aplic...')
#9 C:\wamp64\www\dpi_ci4\system\View\View.php(210): include('C:\\wamp64\\www\\d...')
#10 C:\wamp64\www\dpi_ci4\system\View\View.php(213): CodeIgniter\View\View->CodeIgniter\View\{closure}()
#11 C:\wamp64\www\dpi_ci4\system\Common.php(1089): CodeIgniter\View\View->render('template', Array, true)
#12 C:\wamp64\www\dpi_ci4\app\Controllers\Servicios.php(252): view('template', Array)
#13 C:\wamp64\www\dpi_ci4\system\CodeIgniter.php(832): App\Controllers\Servicios->aplicaciones()
#14 C:\wamp64\www\dpi_ci4\system\CodeIgniter.php(419): CodeIgniter\CodeIgniter->runController(Object(App\Controllers\Servicios))
#15 C:\wamp64\www\dpi_ci4\system\CodeIgniter.php(326): CodeIgniter\CodeIgniter->handleRequest(NULL, Object(Config\Cache), false)
#16 C:\wamp64\www\dpi_ci4\index.php(37): CodeIgniter\CodeIgniter->run()
#17 {main}
CRITICAL - 2022-04-05 07:01:03 --> Undefined property: CodeIgniter\View\View::$funciones
#0 C:\wamp64\www\dpi_ci4\app\Views\includes\componente_aplicacion.php(8): CodeIgniter\Debug\Exceptions->errorHandler(8, 'Undefined prope...', 'C:\\wamp64\\www\\d...', 8, Array)
#1 C:\wamp64\www\dpi_ci4\system\View\View.php(210): include('C:\\wamp64\\www\\d...')
#2 C:\wamp64\www\dpi_ci4\system\View\View.php(213): CodeIgniter\View\View->CodeIgniter\View\{closure}()
#3 C:\wamp64\www\dpi_ci4\system\Common.php(1089): CodeIgniter\View\View->render('includes/compon...', Array, true)
#4 C:\wamp64\www\dpi_ci4\app\Views\servicios\aplicaciones.php(85): view('includes/compon...', Array)
#5 C:\wamp64\www\dpi_ci4\system\View\View.php(210): include('C:\\wamp64\\www\\d...')
#6 C:\wamp64\www\dpi_ci4\system\View\View.php(213): CodeIgniter\View\View->CodeIgniter\View\{closure}()
#7 C:\wamp64\www\dpi_ci4\system\Common.php(1089): CodeIgniter\View\View->render('servicios/aplic...', Array, true)
#8 C:\wamp64\www\dpi_ci4\app\Views\template.php(25): view('servicios/aplic...')
#9 C:\wamp64\www\dpi_ci4\system\View\View.php(210): include('C:\\wamp64\\www\\d...')
#10 C:\wamp64\www\dpi_ci4\system\View\View.php(213): CodeIgniter\View\View->CodeIgniter\View\{closure}()
#11 C:\wamp64\www\dpi_ci4\system\Common.php(1089): CodeIgniter\View\View->render('template', Array, true)
#12 C:\wamp64\www\dpi_ci4\app\Controllers\Servicios.php(252): view('template', Array)
#13 C:\wamp64\www\dpi_ci4\system\CodeIgniter.php(832): App\Controllers\Servicios->aplicaciones()
#14 C:\wamp64\www\dpi_ci4\system\CodeIgniter.php(419): CodeIgniter\CodeIgniter->runController(Object(App\Controllers\Servicios))
#15 C:\wamp64\www\dpi_ci4\system\CodeIgniter.php(326): CodeIgniter\CodeIgniter->handleRequest(NULL, Object(Config\Cache), false)
#16 C:\wamp64\www\dpi_ci4\index.php(37): CodeIgniter\CodeIgniter->run()
#17 {main}
CRITICAL - 2022-04-05 07:01:29 --> Undefined property: CodeIgniter\View\View::$funciones
#0 C:\wamp64\www\dpi_ci4\app\Views\includes\componente_aplicacion.php(8): CodeIgniter\Debug\Exceptions->errorHandler(8, 'Undefined prope...', 'C:\\wamp64\\www\\d...', 8, Array)
#1 C:\wamp64\www\dpi_ci4\system\View\View.php(210): include('C:\\wamp64\\www\\d...')
#2 C:\wamp64\www\dpi_ci4\system\View\View.php(213): CodeIgniter\View\View->CodeIgniter\View\{closure}()
#3 C:\wamp64\www\dpi_ci4\system\Common.php(1089): CodeIgniter\View\View->render('includes/compon...', Array, true)
#4 C:\wamp64\www\dpi_ci4\app\Views\servicios\aplicaciones.php(85): view('includes/compon...', Array)
#5 C:\wamp64\www\dpi_ci4\system\View\View.php(210): include('C:\\wamp64\\www\\d...')
#6 C:\wamp64\www\dpi_ci4\system\View\View.php(213): CodeIgniter\View\View->CodeIgniter\View\{closure}()
#7 C:\wamp64\www\dpi_ci4\system\Common.php(1089): CodeIgniter\View\View->render('servicios/aplic...', Array, true)
#8 C:\wamp64\www\dpi_ci4\app\Views\template.php(25): view('servicios/aplic...')
#9 C:\wamp64\www\dpi_ci4\system\View\View.php(210): include('C:\\wamp64\\www\\d...')
#10 C:\wamp64\www\dpi_ci4\system\View\View.php(213): CodeIgniter\View\View->CodeIgniter\View\{closure}()
#11 C:\wamp64\www\dpi_ci4\system\Common.php(1089): CodeIgniter\View\View->render('template', Array, true)
#12 C:\wamp64\www\dpi_ci4\app\Controllers\Servicios.php(252): view('template', Array)
#13 C:\wamp64\www\dpi_ci4\system\CodeIgniter.php(832): App\Controllers\Servicios->aplicaciones()
#14 C:\wamp64\www\dpi_ci4\system\CodeIgniter.php(419): CodeIgniter\CodeIgniter->runController(Object(App\Controllers\Servicios))
#15 C:\wamp64\www\dpi_ci4\system\CodeIgniter.php(326): CodeIgniter\CodeIgniter->handleRequest(NULL, Object(Config\Cache), false)
#16 C:\wamp64\www\dpi_ci4\index.php(37): CodeIgniter\CodeIgniter->run()
#17 {main}
CRITICAL - 2022-04-05 07:05:54 --> Undefined property: CodeIgniter\View\View::$funciones
#0 C:\wamp64\www\dpi_ci4\app\Views\includes\componente_aplicacion.php(8): CodeIgniter\Debug\Exceptions->errorHandler(8, 'Undefined prope...', 'C:\\wamp64\\www\\d...', 8, Array)
#1 C:\wamp64\www\dpi_ci4\system\View\View.php(210): include('C:\\wamp64\\www\\d...')
#2 C:\wamp64\www\dpi_ci4\system\View\View.php(213): CodeIgniter\View\View->CodeIgniter\View\{closure}()
#3 C:\wamp64\www\dpi_ci4\system\Common.php(1089): CodeIgniter\View\View->render('includes/compon...', Array, true)
#4 C:\wamp64\www\dpi_ci4\app\Views\servicios\aplicaciones.php(85): view('includes/compon...', Array)
#5 C:\wamp64\www\dpi_ci4\system\View\View.php(210): include('C:\\wamp64\\www\\d...')
#6 C:\wamp64\www\dpi_ci4\system\View\View.php(213): CodeIgniter\View\View->CodeIgniter\View\{closure}()
#7 C:\wamp64\www\dpi_ci4\system\Common.php(1089): CodeIgniter\View\View->render('servicios/aplic...', Array, true)
#8 C:\wamp64\www\dpi_ci4\app\Views\template.php(25): view('servicios/aplic...')
#9 C:\wamp64\www\dpi_ci4\system\View\View.php(210): include('C:\\wamp64\\www\\d...')
#10 C:\wamp64\www\dpi_ci4\system\View\View.php(213): CodeIgniter\View\View->CodeIgniter\View\{closure}()
#11 C:\wamp64\www\dpi_ci4\system\Common.php(1089): CodeIgniter\View\View->render('template', Array, true)
#12 C:\wamp64\www\dpi_ci4\app\Controllers\Servicios.php(252): view('template', Array)
#13 C:\wamp64\www\dpi_ci4\system\CodeIgniter.php(832): App\Controllers\Servicios->aplicaciones()
#14 C:\wamp64\www\dpi_ci4\system\CodeIgniter.php(419): CodeIgniter\CodeIgniter->runController(Object(App\Controllers\Servicios))
#15 C:\wamp64\www\dpi_ci4\system\CodeIgniter.php(326): CodeIgniter\CodeIgniter->handleRequest(NULL, Object(Config\Cache), false)
#16 C:\wamp64\www\dpi_ci4\index.php(37): CodeIgniter\CodeIgniter->run()
#17 {main}
CRITICAL - 2022-04-05 07:06:26 --> Undefined property: CodeIgniter\View\View::$Funciones
#0 C:\wamp64\www\dpi_ci4\app\Views\includes\componente_aplicacion.php(8): CodeIgniter\Debug\Exceptions->errorHandler(8, 'Undefined prope...', 'C:\\wamp64\\www\\d...', 8, Array)
#1 C:\wamp64\www\dpi_ci4\system\View\View.php(210): include('C:\\wamp64\\www\\d...')
#2 C:\wamp64\www\dpi_ci4\system\View\View.php(213): CodeIgniter\View\View->CodeIgniter\View\{closure}()
#3 C:\wamp64\www\dpi_ci4\system\Common.php(1089): CodeIgniter\View\View->render('includes/compon...', Array, true)
#4 C:\wamp64\www\dpi_ci4\app\Views\servicios\aplicaciones.php(85): view('includes/compon...', Array)
#5 C:\wamp64\www\dpi_ci4\system\View\View.php(210): include('C:\\wamp64\\www\\d...')
#6 C:\wamp64\www\dpi_ci4\system\View\View.php(213): CodeIgniter\View\View->CodeIgniter\View\{closure}()
#7 C:\wamp64\www\dpi_ci4\system\Common.php(1089): CodeIgniter\View\View->render('servicios/aplic...', Array, true)
#8 C:\wamp64\www\dpi_ci4\app\Views\template.php(25): view('servicios/aplic...')
#9 C:\wamp64\www\dpi_ci4\system\View\View.php(210): include('C:\\wamp64\\www\\d...')
#10 C:\wamp64\www\dpi_ci4\system\View\View.php(213): CodeIgniter\View\View->CodeIgniter\View\{closure}()
#11 C:\wamp64\www\dpi_ci4\system\Common.php(1089): CodeIgniter\View\View->render('template', Array, true)
#12 C:\wamp64\www\dpi_ci4\app\Controllers\Servicios.php(252): view('template', Array)
#13 C:\wamp64\www\dpi_ci4\system\CodeIgniter.php(832): App\Controllers\Servicios->aplicaciones()
#14 C:\wamp64\www\dpi_ci4\system\CodeIgniter.php(419): CodeIgniter\CodeIgniter->runController(Object(App\Controllers\Servicios))
#15 C:\wamp64\www\dpi_ci4\system\CodeIgniter.php(326): CodeIgniter\CodeIgniter->handleRequest(NULL, Object(Config\Cache), false)
#16 C:\wamp64\www\dpi_ci4\index.php(37): CodeIgniter\CodeIgniter->run()
#17 {main}
CRITICAL - 2022-04-05 07:11:11 --> Undefined property: CodeIgniter\View\View::$Funciones
#0 C:\wamp64\www\dpi_ci4\app\Views\includes\componente_aplicacion.php(8): CodeIgniter\Debug\Exceptions->errorHandler(8, 'Undefined prope...', 'C:\\wamp64\\www\\d...', 8, Array)
#1 C:\wamp64\www\dpi_ci4\system\View\View.php(210): include('C:\\wamp64\\www\\d...')
#2 C:\wamp64\www\dpi_ci4\system\View\View.php(213): CodeIgniter\View\View->CodeIgniter\View\{closure}()
#3 C:\wamp64\www\dpi_ci4\system\Common.php(1089): CodeIgniter\View\View->render('includes/compon...', Array, true)
#4 C:\wamp64\www\dpi_ci4\app\Views\servicios\aplicaciones.php(85): view('includes/compon...', Array)
#5 C:\wamp64\www\dpi_ci4\system\View\View.php(210): include('C:\\wamp64\\www\\d...')
#6 C:\wamp64\www\dpi_ci4\system\View\View.php(213): CodeIgniter\View\View->CodeIgniter\View\{closure}()
#7 C:\wamp64\www\dpi_ci4\system\Common.php(1089): CodeIgniter\View\View->render('servicios/aplic...', Array, true)
#8 C:\wamp64\www\dpi_ci4\app\Views\template.php(25): view('servicios/aplic...')
#9 C:\wamp64\www\dpi_ci4\system\View\View.php(210): include('C:\\wamp64\\www\\d...')
#10 C:\wamp64\www\dpi_ci4\system\View\View.php(213): CodeIgniter\View\View->CodeIgniter\View\{closure}()
#11 C:\wamp64\www\dpi_ci4\system\Common.php(1089): CodeIgniter\View\View->render('template', Array, true)
#12 C:\wamp64\www\dpi_ci4\app\Controllers\Servicios.php(252): view('template', Array)
#13 C:\wamp64\www\dpi_ci4\system\CodeIgniter.php(832): App\Controllers\Servicios->aplicaciones()
#14 C:\wamp64\www\dpi_ci4\system\CodeIgniter.php(419): CodeIgniter\CodeIgniter->runController(Object(App\Controllers\Servicios))
#15 C:\wamp64\www\dpi_ci4\system\CodeIgniter.php(326): CodeIgniter\CodeIgniter->handleRequest(NULL, Object(Config\Cache), false)
#16 C:\wamp64\www\dpi_ci4\index.php(37): CodeIgniter\CodeIgniter->run()
#17 {main}
CRITICAL - 2022-04-05 07:11:24 --> Undefined property: CodeIgniter\View\View::$funciones
#0 C:\wamp64\www\dpi_ci4\app\Views\includes\componente_aplicacion.php(8): CodeIgniter\Debug\Exceptions->errorHandler(8, 'Undefined prope...', 'C:\\wamp64\\www\\d...', 8, Array)
#1 C:\wamp64\www\dpi_ci4\system\View\View.php(210): include('C:\\wamp64\\www\\d...')
#2 C:\wamp64\www\dpi_ci4\system\View\View.php(213): CodeIgniter\View\View->CodeIgniter\View\{closure}()
#3 C:\wamp64\www\dpi_ci4\system\Common.php(1089): CodeIgniter\View\View->render('includes/compon...', Array, true)
#4 C:\wamp64\www\dpi_ci4\app\Views\servicios\aplicaciones.php(85): view('includes/compon...', Array)
#5 C:\wamp64\www\dpi_ci4\system\View\View.php(210): include('C:\\wamp64\\www\\d...')
#6 C:\wamp64\www\dpi_ci4\system\View\View.php(213): CodeIgniter\View\View->CodeIgniter\View\{closure}()
#7 C:\wamp64\www\dpi_ci4\system\Common.php(1089): CodeIgniter\View\View->render('servicios/aplic...', Array, true)
#8 C:\wamp64\www\dpi_ci4\app\Views\template.php(25): view('servicios/aplic...')
#9 C:\wamp64\www\dpi_ci4\system\View\View.php(210): include('C:\\wamp64\\www\\d...')
#10 C:\wamp64\www\dpi_ci4\system\View\View.php(213): CodeIgniter\View\View->CodeIgniter\View\{closure}()
#11 C:\wamp64\www\dpi_ci4\system\Common.php(1089): CodeIgniter\View\View->render('template', Array, true)
#12 C:\wamp64\www\dpi_ci4\app\Controllers\Servicios.php(252): view('template', Array)
#13 C:\wamp64\www\dpi_ci4\system\CodeIgniter.php(832): App\Controllers\Servicios->aplicaciones()
#14 C:\wamp64\www\dpi_ci4\system\CodeIgniter.php(419): CodeIgniter\CodeIgniter->runController(Object(App\Controllers\Servicios))
#15 C:\wamp64\www\dpi_ci4\system\CodeIgniter.php(326): CodeIgniter\CodeIgniter->handleRequest(NULL, Object(Config\Cache), false)
#16 C:\wamp64\www\dpi_ci4\index.php(37): CodeIgniter\CodeIgniter->run()
#17 {main}
<<<<<<< HEAD
CRITICAL - 2022-04-05 10:37:05 --> Undefined property: CodeIgniter\View\View::$funciones
=======
CRITICAL - 2022-04-05 10:36:43 --> Undefined property: CodeIgniter\View\View::$funciones
>>>>>>> 9b24f78c4aaaa4dd32e2e609f0070d196f9ba886
#0 C:\wamp64\www\dpi_ci4\app\Views\includes\componente_aplicacion.php(8): CodeIgniter\Debug\Exceptions->errorHandler(8, 'Undefined prope...', 'C:\\wamp64\\www\\d...', 8, Array)
#1 C:\wamp64\www\dpi_ci4\system\View\View.php(210): include('C:\\wamp64\\www\\d...')
#2 C:\wamp64\www\dpi_ci4\system\View\View.php(213): CodeIgniter\View\View->CodeIgniter\View\{closure}()
#3 C:\wamp64\www\dpi_ci4\system\Common.php(1089): CodeIgniter\View\View->render('includes/compon...', Array, true)
#4 C:\wamp64\www\dpi_ci4\app\Views\servicios\aplicaciones.php(85): view('includes/compon...', Array)
#5 C:\wamp64\www\dpi_ci4\system\View\View.php(210): include('C:\\wamp64\\www\\d...')
#6 C:\wamp64\www\dpi_ci4\system\View\View.php(213): CodeIgniter\View\View->CodeIgniter\View\{closure}()
#7 C:\wamp64\www\dpi_ci4\system\Common.php(1089): CodeIgniter\View\View->render('servicios/aplic...', Array, true)
#8 C:\wamp64\www\dpi_ci4\app\Views\template.php(25): view('servicios/aplic...')
#9 C:\wamp64\www\dpi_ci4\system\View\View.php(210): include('C:\\wamp64\\www\\d...')
#10 C:\wamp64\www\dpi_ci4\system\View\View.php(213): CodeIgniter\View\View->CodeIgniter\View\{closure}()
#11 C:\wamp64\www\dpi_ci4\system\Common.php(1089): CodeIgniter\View\View->render('template', Array, true)
#12 C:\wamp64\www\dpi_ci4\app\Controllers\Servicios.php(254): view('template', Array)
#13 C:\wamp64\www\dpi_ci4\system\CodeIgniter.php(832): App\Controllers\Servicios->aplicaciones()
#14 C:\wamp64\www\dpi_ci4\system\CodeIgniter.php(419): CodeIgniter\CodeIgniter->runController(Object(App\Controllers\Servicios))
#15 C:\wamp64\www\dpi_ci4\system\CodeIgniter.php(326): CodeIgniter\CodeIgniter->handleRequest(NULL, Object(Config\Cache), false)
#16 C:\wamp64\www\dpi_ci4\index.php(37): CodeIgniter\CodeIgniter->run()
#17 {main}
<<<<<<< HEAD
CRITICAL - 2022-04-05 11:32:03 --> Undefined property: CodeIgniter\View\View::$funciones
=======
CRITICAL - 2022-04-05 10:39:52 --> Undefined property: CodeIgniter\View\View::$funciones
>>>>>>> 9b24f78c4aaaa4dd32e2e609f0070d196f9ba886
#0 C:\wamp64\www\dpi_ci4\app\Views\includes\componente_aplicacion.php(8): CodeIgniter\Debug\Exceptions->errorHandler(8, 'Undefined prope...', 'C:\\wamp64\\www\\d...', 8, Array)
#1 C:\wamp64\www\dpi_ci4\system\View\View.php(210): include('C:\\wamp64\\www\\d...')
#2 C:\wamp64\www\dpi_ci4\system\View\View.php(213): CodeIgniter\View\View->CodeIgniter\View\{closure}()
#3 C:\wamp64\www\dpi_ci4\system\Common.php(1089): CodeIgniter\View\View->render('includes/compon...', Array, true)
#4 C:\wamp64\www\dpi_ci4\app\Views\servicios\aplicaciones.php(85): view('includes/compon...', Array)
#5 C:\wamp64\www\dpi_ci4\system\View\View.php(210): include('C:\\wamp64\\www\\d...')
#6 C:\wamp64\www\dpi_ci4\system\View\View.php(213): CodeIgniter\View\View->CodeIgniter\View\{closure}()
#7 C:\wamp64\www\dpi_ci4\system\Common.php(1089): CodeIgniter\View\View->render('servicios/aplic...', Array, true)
#8 C:\wamp64\www\dpi_ci4\app\Views\template.php(25): view('servicios/aplic...')
#9 C:\wamp64\www\dpi_ci4\system\View\View.php(210): include('C:\\wamp64\\www\\d...')
#10 C:\wamp64\www\dpi_ci4\system\View\View.php(213): CodeIgniter\View\View->CodeIgniter\View\{closure}()
#11 C:\wamp64\www\dpi_ci4\system\Common.php(1089): CodeIgniter\View\View->render('template', Array, true)
#12 C:\wamp64\www\dpi_ci4\app\Controllers\Servicios.php(254): view('template', Array)
#13 C:\wamp64\www\dpi_ci4\system\CodeIgniter.php(832): App\Controllers\Servicios->aplicaciones()
#14 C:\wamp64\www\dpi_ci4\system\CodeIgniter.php(419): CodeIgniter\CodeIgniter->runController(Object(App\Controllers\Servicios))
#15 C:\wamp64\www\dpi_ci4\system\CodeIgniter.php(326): CodeIgniter\CodeIgniter->handleRequest(NULL, Object(Config\Cache), false)
#16 C:\wamp64\www\dpi_ci4\index.php(37): CodeIgniter\CodeIgniter->run()
#17 {main}
<<<<<<< HEAD
CRITICAL - 2022-04-05 11:32:26 --> Undefined property: CodeIgniter\View\View::$funciones
=======
CRITICAL - 2022-04-05 10:41:46 --> Undefined property: CodeIgniter\View\View::$funciones
>>>>>>> 9b24f78c4aaaa4dd32e2e609f0070d196f9ba886
#0 C:\wamp64\www\dpi_ci4\app\Views\includes\componente_aplicacion.php(8): CodeIgniter\Debug\Exceptions->errorHandler(8, 'Undefined prope...', 'C:\\wamp64\\www\\d...', 8, Array)
#1 C:\wamp64\www\dpi_ci4\system\View\View.php(210): include('C:\\wamp64\\www\\d...')
#2 C:\wamp64\www\dpi_ci4\system\View\View.php(213): CodeIgniter\View\View->CodeIgniter\View\{closure}()
#3 C:\wamp64\www\dpi_ci4\system\Common.php(1089): CodeIgniter\View\View->render('includes/compon...', Array, true)
#4 C:\wamp64\www\dpi_ci4\app\Views\servicios\aplicaciones.php(85): view('includes/compon...', Array)
#5 C:\wamp64\www\dpi_ci4\system\View\View.php(210): include('C:\\wamp64\\www\\d...')
#6 C:\wamp64\www\dpi_ci4\system\View\View.php(213): CodeIgniter\View\View->CodeIgniter\View\{closure}()
#7 C:\wamp64\www\dpi_ci4\system\Common.php(1089): CodeIgniter\View\View->render('servicios/aplic...', Array, true)
#8 C:\wamp64\www\dpi_ci4\app\Views\template.php(25): view('servicios/aplic...')
#9 C:\wamp64\www\dpi_ci4\system\View\View.php(210): include('C:\\wamp64\\www\\d...')
#10 C:\wamp64\www\dpi_ci4\system\View\View.php(213): CodeIgniter\View\View->CodeIgniter\View\{closure}()
#11 C:\wamp64\www\dpi_ci4\system\Common.php(1089): CodeIgniter\View\View->render('template', Array, true)
#12 C:\wamp64\www\dpi_ci4\app\Controllers\Servicios.php(254): view('template', Array)
#13 C:\wamp64\www\dpi_ci4\system\CodeIgniter.php(832): App\Controllers\Servicios->aplicaciones()
#14 C:\wamp64\www\dpi_ci4\system\CodeIgniter.php(419): CodeIgniter\CodeIgniter->runController(Object(App\Controllers\Servicios))
#15 C:\wamp64\www\dpi_ci4\system\CodeIgniter.php(326): CodeIgniter\CodeIgniter->handleRequest(NULL, Object(Config\Cache), false)
#16 C:\wamp64\www\dpi_ci4\index.php(37): CodeIgniter\CodeIgniter->run()
#17 {main}
CRITICAL - 2022-04-05 12:29:40 --> syntax error, unexpected '<<' (T_SL), expecting end of file
#0 C:\wamp64\www\dpi_ci4\system\View\View.php(213): CodeIgniter\View\View->CodeIgniter\View\{closure}()
#1 C:\wamp64\www\dpi_ci4\system\Common.php(1089): CodeIgniter\View\View->render('includes/compon...', Array, true)
#2 C:\wamp64\www\dpi_ci4\app\Views\servicios\aplicaciones.php(85): view('includes/compon...', Array)
#3 C:\wamp64\www\dpi_ci4\system\View\View.php(210): include('C:\\wamp64\\www\\d...')
#4 C:\wamp64\www\dpi_ci4\system\View\View.php(213): CodeIgniter\View\View->CodeIgniter\View\{closure}()
#5 C:\wamp64\www\dpi_ci4\system\Common.php(1089): CodeIgniter\View\View->render('servicios/aplic...', Array, true)
#6 C:\wamp64\www\dpi_ci4\app\Views\template.php(25): view('servicios/aplic...')
#7 C:\wamp64\www\dpi_ci4\system\View\View.php(210): include('C:\\wamp64\\www\\d...')
#8 C:\wamp64\www\dpi_ci4\system\View\View.php(213): CodeIgniter\View\View->CodeIgniter\View\{closure}()
#9 C:\wamp64\www\dpi_ci4\system\Common.php(1089): CodeIgniter\View\View->render('template', Array, true)
#10 C:\wamp64\www\dpi_ci4\app\Controllers\Servicios.php(254): view('template', Array)
#11 C:\wamp64\www\dpi_ci4\system\CodeIgniter.php(832): App\Controllers\Servicios->aplicaciones()
#12 C:\wamp64\www\dpi_ci4\system\CodeIgniter.php(419): CodeIgniter\CodeIgniter->runController(Object(App\Controllers\Servicios))
#13 C:\wamp64\www\dpi_ci4\system\CodeIgniter.php(326): CodeIgniter\CodeIgniter->handleRequest(NULL, Object(Config\Cache), false)
#14 C:\wamp64\www\dpi_ci4\index.php(37): CodeIgniter\CodeIgniter->run()
#15 {main}
