CRITICAL - 2022-04-04 08:40:41 --> Invalid file: departamentos/sueldos/depto-info.php
#0 C:\wamp64\www\dpi_ci4\system\View\View.php(198): CodeIgniter\Exceptions\FrameworkException::forInvalidFile('departamentos/s...')
#1 C:\wamp64\www\dpi_ci4\system\Common.php(1089): CodeIgniter\View\View->render('departamentos/s...', Array, true)
#2 C:\wamp64\www\dpi_ci4\app\Views\template.php(25): view('departamentos/s...')
#3 C:\wamp64\www\dpi_ci4\system\View\View.php(210): include('C:\\wamp64\\www\\d...')
#4 C:\wamp64\www\dpi_ci4\system\View\View.php(213): CodeIgniter\View\View->CodeIgniter\View\{closure}()
#5 C:\wamp64\www\dpi_ci4\system\Common.php(1089): CodeIgniter\View\View->render('template', Array, true)
#6 C:\wamp64\www\dpi_ci4\app\Controllers\Departamentos.php(14): view('template', Array)
#7 C:\wamp64\www\dpi_ci4\system\CodeIgniter.php(832): App\Controllers\Departamentos->sueldos()
#8 C:\wamp64\www\dpi_ci4\system\CodeIgniter.php(419): CodeIgniter\CodeIgniter->runController(Object(App\Controllers\Departamentos))
#9 C:\wamp64\www\dpi_ci4\system\CodeIgniter.php(326): CodeIgniter\CodeIgniter->handleRequest(NULL, Object(Config\Cache), false)
#10 C:\wamp64\www\dpi_ci4\index.php(37): CodeIgniter\CodeIgniter->run()
#11 {main}
CRITICAL - 2022-04-04 08:40:44 --> Invalid file: departamentos/sueldos/depto-info.php
#0 C:\wamp64\www\dpi_ci4\system\View\View.php(198): CodeIgniter\Exceptions\FrameworkException::forInvalidFile('departamentos/s...')
#1 C:\wamp64\www\dpi_ci4\system\Common.php(1089): CodeIgniter\View\View->render('departamentos/s...', Array, true)
#2 C:\wamp64\www\dpi_ci4\app\Views\template.php(25): view('departamentos/s...')
#3 C:\wamp64\www\dpi_ci4\system\View\View.php(210): include('C:\\wamp64\\www\\d...')
#4 C:\wamp64\www\dpi_ci4\system\View\View.php(213): CodeIgniter\View\View->CodeIgniter\View\{closure}()
#5 C:\wamp64\www\dpi_ci4\system\Common.php(1089): CodeIgniter\View\View->render('template', Array, true)
#6 C:\wamp64\www\dpi_ci4\app\Controllers\Departamentos.php(14): view('template', Array)
#7 C:\wamp64\www\dpi_ci4\system\CodeIgniter.php(832): App\Controllers\Departamentos->sueldos()
#8 C:\wamp64\www\dpi_ci4\system\CodeIgniter.php(419): CodeIgniter\CodeIgniter->runController(Object(App\Controllers\Departamentos))
#9 C:\wamp64\www\dpi_ci4\system\CodeIgniter.php(326): CodeIgniter\CodeIgniter->handleRequest(NULL, Object(Config\Cache), false)
#10 C:\wamp64\www\dpi_ci4\index.php(37): CodeIgniter\CodeIgniter->run()
#11 {main}
CRITICAL - 2022-04-04 08:48:27 --> Invalid file: departamentos/sueldos#depto-sueldos.php
#0 C:\wamp64\www\dpi_ci4\system\View\View.php(198): CodeIgniter\Exceptions\FrameworkException::forInvalidFile('departamentos/s...')
#1 C:\wamp64\www\dpi_ci4\system\Common.php(1089): CodeIgniter\View\View->render('departamentos/s...', Array, true)
#2 C:\wamp64\www\dpi_ci4\app\Views\template.php(25): view('departamentos/s...')
#3 C:\wamp64\www\dpi_ci4\system\View\View.php(210): include('C:\\wamp64\\www\\d...')
#4 C:\wamp64\www\dpi_ci4\system\View\View.php(213): CodeIgniter\View\View->CodeIgniter\View\{closure}()
#5 C:\wamp64\www\dpi_ci4\system\Common.php(1089): CodeIgniter\View\View->render('template', Array, true)
#6 C:\wamp64\www\dpi_ci4\app\Controllers\Departamentos.php(14): view('template', Array)
#7 C:\wamp64\www\dpi_ci4\system\CodeIgniter.php(832): App\Controllers\Departamentos->sueldos()
#8 C:\wamp64\www\dpi_ci4\system\CodeIgniter.php(419): CodeIgniter\CodeIgniter->runController(Object(App\Controllers\Departamentos))
#9 C:\wamp64\www\dpi_ci4\system\CodeIgniter.php(326): CodeIgniter\CodeIgniter->handleRequest(NULL, Object(Config\Cache), false)
#10 C:\wamp64\www\dpi_ci4\index.php(37): CodeIgniter\CodeIgniter->run()
#11 {main}
CRITICAL - 2022-04-04 08:48:54 --> Invalid file: departamentos/sueldos#depto-sueldos.php
#0 C:\wamp64\www\dpi_ci4\system\View\View.php(198): CodeIgniter\Exceptions\FrameworkException::forInvalidFile('departamentos/s...')
#1 C:\wamp64\www\dpi_ci4\system\Common.php(1089): CodeIgniter\View\View->render('departamentos/s...', Array, true)
#2 C:\wamp64\www\dpi_ci4\app\Views\template.php(25): view('departamentos/s...')
#3 C:\wamp64\www\dpi_ci4\system\View\View.php(210): include('C:\\wamp64\\www\\d...')
#4 C:\wamp64\www\dpi_ci4\system\View\View.php(213): CodeIgniter\View\View->CodeIgniter\View\{closure}()
#5 C:\wamp64\www\dpi_ci4\system\Common.php(1089): CodeIgniter\View\View->render('template', Array, true)
#6 C:\wamp64\www\dpi_ci4\app\Controllers\Departamentos.php(14): view('template', Array)
#7 C:\wamp64\www\dpi_ci4\system\CodeIgniter.php(832): App\Controllers\Departamentos->sueldos()
#8 C:\wamp64\www\dpi_ci4\system\CodeIgniter.php(419): CodeIgniter\CodeIgniter->runController(Object(App\Controllers\Departamentos))
#9 C:\wamp64\www\dpi_ci4\system\CodeIgniter.php(326): CodeIgniter\CodeIgniter->handleRequest(NULL, Object(Config\Cache), false)
#10 C:\wamp64\www\dpi_ci4\index.php(37): CodeIgniter\CodeIgniter->run()
#11 {main}
CRITICAL - 2022-04-04 08:48:57 --> Invalid file: departamentos/sueldos#depto-sueldos.php
#0 C:\wamp64\www\dpi_ci4\system\View\View.php(198): CodeIgniter\Exceptions\FrameworkException::forInvalidFile('departamentos/s...')
#1 C:\wamp64\www\dpi_ci4\system\Common.php(1089): CodeIgniter\View\View->render('departamentos/s...', Array, true)
#2 C:\wamp64\www\dpi_ci4\app\Views\template.php(25): view('departamentos/s...')
#3 C:\wamp64\www\dpi_ci4\system\View\View.php(210): include('C:\\wamp64\\www\\d...')
#4 C:\wamp64\www\dpi_ci4\system\View\View.php(213): CodeIgniter\View\View->CodeIgniter\View\{closure}()
#5 C:\wamp64\www\dpi_ci4\system\Common.php(1089): CodeIgniter\View\View->render('template', Array, true)
#6 C:\wamp64\www\dpi_ci4\app\Controllers\Departamentos.php(14): view('template', Array)
#7 C:\wamp64\www\dpi_ci4\system\CodeIgniter.php(832): App\Controllers\Departamentos->sueldos()
#8 C:\wamp64\www\dpi_ci4\system\CodeIgniter.php(419): CodeIgniter\CodeIgniter->runController(Object(App\Controllers\Departamentos))
#9 C:\wamp64\www\dpi_ci4\system\CodeIgniter.php(326): CodeIgniter\CodeIgniter->handleRequest(NULL, Object(Config\Cache), false)
#10 C:\wamp64\www\dpi_ci4\index.php(37): CodeIgniter\CodeIgniter->run()
#11 {main}
CRITICAL - 2022-04-04 08:49:28 --> Invalid file: departamentos/sueldos#depto-sueldos.php
#0 C:\wamp64\www\dpi_ci4\system\View\View.php(198): CodeIgniter\Exceptions\FrameworkException::forInvalidFile('departamentos/s...')
#1 C:\wamp64\www\dpi_ci4\system\Common.php(1089): CodeIgniter\View\View->render('departamentos/s...', Array, true)
#2 C:\wamp64\www\dpi_ci4\app\Views\template.php(25): view('departamentos/s...')
#3 C:\wamp64\www\dpi_ci4\system\View\View.php(210): include('C:\\wamp64\\www\\d...')
#4 C:\wamp64\www\dpi_ci4\system\View\View.php(213): CodeIgniter\View\View->CodeIgniter\View\{closure}()
#5 C:\wamp64\www\dpi_ci4\system\Common.php(1089): CodeIgniter\View\View->render('template', Array, true)
#6 C:\wamp64\www\dpi_ci4\app\Controllers\Departamentos.php(14): view('template', Array)
#7 C:\wamp64\www\dpi_ci4\system\CodeIgniter.php(832): App\Controllers\Departamentos->sueldos()
#8 C:\wamp64\www\dpi_ci4\system\CodeIgniter.php(419): CodeIgniter\CodeIgniter->runController(Object(App\Controllers\Departamentos))
#9 C:\wamp64\www\dpi_ci4\system\CodeIgniter.php(326): CodeIgniter\CodeIgniter->handleRequest(NULL, Object(Config\Cache), false)
#10 C:\wamp64\www\dpi_ci4\index.php(37): CodeIgniter\CodeIgniter->run()
#11 {main}
CRITICAL - 2022-04-04 08:50:26 --> Invalid file: departamentos/sueldos#depto-sueldos.php
#0 C:\wamp64\www\dpi_ci4\system\View\View.php(198): CodeIgniter\Exceptions\FrameworkException::forInvalidFile('departamentos/s...')
#1 C:\wamp64\www\dpi_ci4\system\Common.php(1089): CodeIgniter\View\View->render('departamentos/s...', Array, true)
#2 C:\wamp64\www\dpi_ci4\app\Views\template.php(25): view('departamentos/s...')
#3 C:\wamp64\www\dpi_ci4\system\View\View.php(210): include('C:\\wamp64\\www\\d...')
#4 C:\wamp64\www\dpi_ci4\system\View\View.php(213): CodeIgniter\View\View->CodeIgniter\View\{closure}()
#5 C:\wamp64\www\dpi_ci4\system\Common.php(1089): CodeIgniter\View\View->render('template', Array, true)
#6 C:\wamp64\www\dpi_ci4\app\Controllers\Departamentos.php(14): view('template', Array)
#7 C:\wamp64\www\dpi_ci4\system\CodeIgniter.php(832): App\Controllers\Departamentos->sueldos()
#8 C:\wamp64\www\dpi_ci4\system\CodeIgniter.php(419): CodeIgniter\CodeIgniter->runController(Object(App\Controllers\Departamentos))
#9 C:\wamp64\www\dpi_ci4\system\CodeIgniter.php(326): CodeIgniter\CodeIgniter->handleRequest(NULL, Object(Config\Cache), false)
#10 C:\wamp64\www\dpi_ci4\index.php(37): CodeIgniter\CodeIgniter->run()
#11 {main}
CRITICAL - 2022-04-04 09:15:05 --> preg_match(): Unknown modifier 'd'
#0 [internal function]: CodeIgniter\Debug\Exceptions->errorHandler(2, 'preg_match(): U...', 'C:\\wamp64\\www\\d...', 384, Array)
#1 C:\wamp64\www\dpi_ci4\system\Router\Router.php(384): preg_match('#^departamentos...', 'departamentos/s...', Array)
#2 C:\wamp64\www\dpi_ci4\system\Router\Router.php(154): CodeIgniter\Router\Router->checkRoutes('departamentos/s...')
#3 C:\wamp64\www\dpi_ci4\system\CodeIgniter.php(726): CodeIgniter\Router\Router->handle('departamentos/s...')
#4 C:\wamp64\www\dpi_ci4\system\CodeIgniter.php(368): CodeIgniter\CodeIgniter->tryToRouteIt(Object(CodeIgniter\Router\RouteCollection))
#5 C:\wamp64\www\dpi_ci4\system\CodeIgniter.php(326): CodeIgniter\CodeIgniter->handleRequest(NULL, Object(Config\Cache), false)
#6 C:\wamp64\www\dpi_ci4\index.php(37): CodeIgniter\CodeIgniter->run()
#7 {main}
CRITICAL - 2022-04-04 09:15:08 --> preg_match(): Unknown modifier 'd'
#0 [internal function]: CodeIgniter\Debug\Exceptions->errorHandler(2, 'preg_match(): U...', 'C:\\wamp64\\www\\d...', 384, Array)
#1 C:\wamp64\www\dpi_ci4\system\Router\Router.php(384): preg_match('#^departamentos...', 'departamentos/s...', Array)
#2 C:\wamp64\www\dpi_ci4\system\Router\Router.php(154): CodeIgniter\Router\Router->checkRoutes('departamentos/s...')
#3 C:\wamp64\www\dpi_ci4\system\CodeIgniter.php(726): CodeIgniter\Router\Router->handle('departamentos/s...')
#4 C:\wamp64\www\dpi_ci4\system\CodeIgniter.php(368): CodeIgniter\CodeIgniter->tryToRouteIt(Object(CodeIgniter\Router\RouteCollection))
#5 C:\wamp64\www\dpi_ci4\system\CodeIgniter.php(326): CodeIgniter\CodeIgniter->handleRequest(NULL, Object(Config\Cache), false)
#6 C:\wamp64\www\dpi_ci4\index.php(37): CodeIgniter\CodeIgniter->run()
#7 {main}
CRITICAL - 2022-04-04 09:15:28 --> preg_match(): Unknown modifier 'd'
#0 [internal function]: CodeIgniter\Debug\Exceptions->errorHandler(2, 'preg_match(): U...', 'C:\\wamp64\\www\\d...', 384, Array)
#1 C:\wamp64\www\dpi_ci4\system\Router\Router.php(384): preg_match('#^departamentos...', 'departamentos/s...', Array)
#2 C:\wamp64\www\dpi_ci4\system\Router\Router.php(154): CodeIgniter\Router\Router->checkRoutes('departamentos/s...')
#3 C:\wamp64\www\dpi_ci4\system\CodeIgniter.php(726): CodeIgniter\Router\Router->handle('departamentos/s...')
#4 C:\wamp64\www\dpi_ci4\system\CodeIgniter.php(368): CodeIgniter\CodeIgniter->tryToRouteIt(Object(CodeIgniter\Router\RouteCollection))
#5 C:\wamp64\www\dpi_ci4\system\CodeIgniter.php(326): CodeIgniter\CodeIgniter->handleRequest(NULL, Object(Config\Cache), false)
#6 C:\wamp64\www\dpi_ci4\index.php(37): CodeIgniter\CodeIgniter->run()
#7 {main}
CRITICAL - 2022-04-04 09:15:30 --> preg_match(): Unknown modifier 'd'
#0 [internal function]: CodeIgniter\Debug\Exceptions->errorHandler(2, 'preg_match(): U...', 'C:\\wamp64\\www\\d...', 384, Array)
#1 C:\wamp64\www\dpi_ci4\system\Router\Router.php(384): preg_match('#^departamentos...', 'departamentos/s...', Array)
#2 C:\wamp64\www\dpi_ci4\system\Router\Router.php(154): CodeIgniter\Router\Router->checkRoutes('departamentos/s...')
#3 C:\wamp64\www\dpi_ci4\system\CodeIgniter.php(726): CodeIgniter\Router\Router->handle('departamentos/s...')
#4 C:\wamp64\www\dpi_ci4\system\CodeIgniter.php(368): CodeIgniter\CodeIgniter->tryToRouteIt(Object(CodeIgniter\Router\RouteCollection))
#5 C:\wamp64\www\dpi_ci4\system\CodeIgniter.php(326): CodeIgniter\CodeIgniter->handleRequest(NULL, Object(Config\Cache), false)
#6 C:\wamp64\www\dpi_ci4\index.php(37): CodeIgniter\CodeIgniter->run()
#7 {main}
CRITICAL - 2022-04-04 09:18:03 --> preg_match(): Unknown modifier 'd'
#0 [internal function]: CodeIgniter\Debug\Exceptions->errorHandler(2, 'preg_match(): U...', 'C:\\wamp64\\www\\d...', 384, Array)
#1 C:\wamp64\www\dpi_ci4\system\Router\Router.php(384): preg_match('#^departamentos...', 'departamentos/s...', Array)
#2 C:\wamp64\www\dpi_ci4\system\Router\Router.php(154): CodeIgniter\Router\Router->checkRoutes('departamentos/s...')
#3 C:\wamp64\www\dpi_ci4\system\CodeIgniter.php(726): CodeIgniter\Router\Router->handle('departamentos/s...')
#4 C:\wamp64\www\dpi_ci4\system\CodeIgniter.php(368): CodeIgniter\CodeIgniter->tryToRouteIt(Object(CodeIgniter\Router\RouteCollection))
#5 C:\wamp64\www\dpi_ci4\system\CodeIgniter.php(326): CodeIgniter\CodeIgniter->handleRequest(NULL, Object(Config\Cache), false)
#6 C:\wamp64\www\dpi_ci4\index.php(37): CodeIgniter\CodeIgniter->run()
#7 {main}
CRITICAL - 2022-04-04 09:18:10 --> preg_match(): Unknown modifier 'd'
#0 [internal function]: CodeIgniter\Debug\Exceptions->errorHandler(2, 'preg_match(): U...', 'C:\\wamp64\\www\\d...', 384, Array)
#1 C:\wamp64\www\dpi_ci4\system\Router\Router.php(384): preg_match('#^departamentos...', 'departamentos/s...', Array)
#2 C:\wamp64\www\dpi_ci4\system\Router\Router.php(154): CodeIgniter\Router\Router->checkRoutes('departamentos/s...')
#3 C:\wamp64\www\dpi_ci4\system\CodeIgniter.php(726): CodeIgniter\Router\Router->handle('departamentos/s...')
#4 C:\wamp64\www\dpi_ci4\system\CodeIgniter.php(368): CodeIgniter\CodeIgniter->tryToRouteIt(Object(CodeIgniter\Router\RouteCollection))
#5 C:\wamp64\www\dpi_ci4\system\CodeIgniter.php(326): CodeIgniter\CodeIgniter->handleRequest(NULL, Object(Config\Cache), false)
#6 C:\wamp64\www\dpi_ci4\index.php(37): CodeIgniter\CodeIgniter->run()
#7 {main}
CRITICAL - 2022-04-04 09:18:22 --> preg_match(): Unknown modifier 'd'
#0 [internal function]: CodeIgniter\Debug\Exceptions->errorHandler(2, 'preg_match(): U...', 'C:\\wamp64\\www\\d...', 384, Array)
#1 C:\wamp64\www\dpi_ci4\system\Router\Router.php(384): preg_match('#^departamentos...', 'departamentos/s...', Array)
#2 C:\wamp64\www\dpi_ci4\system\Router\Router.php(154): CodeIgniter\Router\Router->checkRoutes('departamentos/s...')
#3 C:\wamp64\www\dpi_ci4\system\CodeIgniter.php(726): CodeIgniter\Router\Router->handle('departamentos/s...')
#4 C:\wamp64\www\dpi_ci4\system\CodeIgniter.php(368): CodeIgniter\CodeIgniter->tryToRouteIt(Object(CodeIgniter\Router\RouteCollection))
#5 C:\wamp64\www\dpi_ci4\system\CodeIgniter.php(326): CodeIgniter\CodeIgniter->handleRequest(NULL, Object(Config\Cache), false)
#6 C:\wamp64\www\dpi_ci4\index.php(37): CodeIgniter\CodeIgniter->run()
#7 {main}
CRITICAL - 2022-04-04 09:18:53 --> preg_match(): Unknown modifier 'd'
#0 [internal function]: CodeIgniter\Debug\Exceptions->errorHandler(2, 'preg_match(): U...', 'C:\\wamp64\\www\\d...', 384, Array)
#1 C:\wamp64\www\dpi_ci4\system\Router\Router.php(384): preg_match('#^departamentos...', 'departamentos/s...', Array)
#2 C:\wamp64\www\dpi_ci4\system\Router\Router.php(154): CodeIgniter\Router\Router->checkRoutes('departamentos/s...')
#3 C:\wamp64\www\dpi_ci4\system\CodeIgniter.php(726): CodeIgniter\Router\Router->handle('departamentos/s...')
#4 C:\wamp64\www\dpi_ci4\system\CodeIgniter.php(368): CodeIgniter\CodeIgniter->tryToRouteIt(Object(CodeIgniter\Router\RouteCollection))
#5 C:\wamp64\www\dpi_ci4\system\CodeIgniter.php(326): CodeIgniter\CodeIgniter->handleRequest(NULL, Object(Config\Cache), false)
#6 C:\wamp64\www\dpi_ci4\index.php(37): CodeIgniter\CodeIgniter->run()
#7 {main}
CRITICAL - 2022-04-04 09:19:29 --> Invalid file: departamentos/sueldos#depto-sueldos.php
#0 C:\wamp64\www\dpi_ci4\system\View\View.php(198): CodeIgniter\Exceptions\FrameworkException::forInvalidFile('departamentos/s...')
#1 C:\wamp64\www\dpi_ci4\system\Common.php(1089): CodeIgniter\View\View->render('departamentos/s...', Array, true)
#2 C:\wamp64\www\dpi_ci4\app\Views\template.php(25): view('departamentos/s...')
#3 C:\wamp64\www\dpi_ci4\system\View\View.php(210): include('C:\\wamp64\\www\\d...')
#4 C:\wamp64\www\dpi_ci4\system\View\View.php(213): CodeIgniter\View\View->CodeIgniter\View\{closure}()
#5 C:\wamp64\www\dpi_ci4\system\Common.php(1089): CodeIgniter\View\View->render('template', Array, true)
#6 C:\wamp64\www\dpi_ci4\app\Controllers\Departamentos.php(14): view('template', Array)
#7 C:\wamp64\www\dpi_ci4\system\CodeIgniter.php(832): App\Controllers\Departamentos->sueldos()
#8 C:\wamp64\www\dpi_ci4\system\CodeIgniter.php(419): CodeIgniter\CodeIgniter->runController(Object(App\Controllers\Departamentos))
#9 C:\wamp64\www\dpi_ci4\system\CodeIgniter.php(326): CodeIgniter\CodeIgniter->handleRequest(NULL, Object(Config\Cache), false)
#10 C:\wamp64\www\dpi_ci4\index.php(37): CodeIgniter\CodeIgniter->run()
#11 {main}
CRITICAL - 2022-04-04 10:30:13 --> preg_match(): Unknown modifier 'd'
#0 [internal function]: CodeIgniter\Debug\Exceptions->errorHandler(2, 'preg_match(): U...', 'C:\\wamp64\\www\\d...', 384, Array)
#1 C:\wamp64\www\dpi_ci4\system\Router\Router.php(384): preg_match('#^departamentos...', 'servicios', Array)
#2 C:\wamp64\www\dpi_ci4\system\Router\Router.php(154): CodeIgniter\Router\Router->checkRoutes('servicios')
#3 C:\wamp64\www\dpi_ci4\system\CodeIgniter.php(726): CodeIgniter\Router\Router->handle('servicios')
#4 C:\wamp64\www\dpi_ci4\system\CodeIgniter.php(368): CodeIgniter\CodeIgniter->tryToRouteIt(Object(CodeIgniter\Router\RouteCollection))
#5 C:\wamp64\www\dpi_ci4\system\CodeIgniter.php(326): CodeIgniter\CodeIgniter->handleRequest(NULL, Object(Config\Cache), false)
#6 C:\wamp64\www\dpi_ci4\index.php(37): CodeIgniter\CodeIgniter->run()
#7 {main}
CRITICAL - 2022-04-04 11:02:17 --> Invalid argument supplied for foreach()
#0 C:\wamp64\www\dpi_ci4\app\Views\servicios\aplicaciones.php(17): CodeIgniter\Debug\Exceptions->errorHandler(2, 'Invalid argumen...', 'C:\\wamp64\\www\\d...', 17, Array)
#1 C:\wamp64\www\dpi_ci4\system\View\View.php(210): include('C:\\wamp64\\www\\d...')
#2 C:\wamp64\www\dpi_ci4\system\View\View.php(213): CodeIgniter\View\View->CodeIgniter\View\{closure}()
#3 C:\wamp64\www\dpi_ci4\system\Common.php(1089): CodeIgniter\View\View->render('servicios/aplic...', Array, true)
#4 C:\wamp64\www\dpi_ci4\app\Views\template.php(25): view('servicios/aplic...')
#5 C:\wamp64\www\dpi_ci4\system\View\View.php(210): include('C:\\wamp64\\www\\d...')
#6 C:\wamp64\www\dpi_ci4\system\View\View.php(213): CodeIgniter\View\View->CodeIgniter\View\{closure}()
#7 C:\wamp64\www\dpi_ci4\system\Common.php(1089): CodeIgniter\View\View->render('template', Array, true)
#8 C:\wamp64\www\dpi_ci4\app\Controllers\Servicios.php(23): view('template', Array)
#9 C:\wamp64\www\dpi_ci4\system\CodeIgniter.php(832): App\Controllers\Servicios->aplicaciones()
#10 C:\wamp64\www\dpi_ci4\system\CodeIgniter.php(419): CodeIgniter\CodeIgniter->runController(Object(App\Controllers\Servicios))
#11 C:\wamp64\www\dpi_ci4\system\CodeIgniter.php(326): CodeIgniter\CodeIgniter->handleRequest(NULL, Object(Config\Cache), false)
#12 C:\wamp64\www\dpi_ci4\index.php(37): CodeIgniter\CodeIgniter->run()
#13 {main}
CRITICAL - 2022-04-04 12:16:06 --> Invalid file: includes/componentes_aplicacion.php
#0 C:\wamp64\www\dpi_ci4\system\View\View.php(198): CodeIgniter\Exceptions\FrameworkException::forInvalidFile('includes/compon...')
#1 C:\wamp64\www\dpi_ci4\system\Common.php(1089): CodeIgniter\View\View->render('includes/compon...', Array, true)
#2 C:\wamp64\www\dpi_ci4\app\Views\servicios\aplicaciones.php(82): view('includes/compon...', Array)
#3 C:\wamp64\www\dpi_ci4\system\View\View.php(210): include('C:\\wamp64\\www\\d...')
#4 C:\wamp64\www\dpi_ci4\system\View\View.php(213): CodeIgniter\View\View->CodeIgniter\View\{closure}()
#5 C:\wamp64\www\dpi_ci4\system\Common.php(1089): CodeIgniter\View\View->render('servicios/aplic...', Array, true)
#6 C:\wamp64\www\dpi_ci4\app\Views\template.php(25): view('servicios/aplic...')
#7 C:\wamp64\www\dpi_ci4\system\View\View.php(210): include('C:\\wamp64\\www\\d...')
#8 C:\wamp64\www\dpi_ci4\system\View\View.php(213): CodeIgniter\View\View->CodeIgniter\View\{closure}()
#9 C:\wamp64\www\dpi_ci4\system\Common.php(1089): CodeIgniter\View\View->render('template', Array, true)
#10 C:\wamp64\www\dpi_ci4\app\Controllers\Servicios.php(79): view('template', Array)
#11 C:\wamp64\www\dpi_ci4\system\CodeIgniter.php(832): App\Controllers\Servicios->aplicaciones()
#12 C:\wamp64\www\dpi_ci4\system\CodeIgniter.php(419): CodeIgniter\CodeIgniter->runController(Object(App\Controllers\Servicios))
#13 C:\wamp64\www\dpi_ci4\system\CodeIgniter.php(326): CodeIgniter\CodeIgniter->handleRequest(NULL, Object(Config\Cache), false)
#14 C:\wamp64\www\dpi_ci4\index.php(37): CodeIgniter\CodeIgniter->run()
#15 {main}
CRITICAL - 2022-04-04 12:16:14 --> Invalid file: includes/componentes_aplicacion.php
#0 C:\wamp64\www\dpi_ci4\system\View\View.php(198): CodeIgniter\Exceptions\FrameworkException::forInvalidFile('includes/compon...')
#1 C:\wamp64\www\dpi_ci4\system\Common.php(1089): CodeIgniter\View\View->render('includes/compon...', Array, true)
#2 C:\wamp64\www\dpi_ci4\app\Views\servicios\aplicaciones.php(82): view('includes/compon...', Array)
#3 C:\wamp64\www\dpi_ci4\system\View\View.php(210): include('C:\\wamp64\\www\\d...')
#4 C:\wamp64\www\dpi_ci4\system\View\View.php(213): CodeIgniter\View\View->CodeIgniter\View\{closure}()
#5 C:\wamp64\www\dpi_ci4\system\Common.php(1089): CodeIgniter\View\View->render('servicios/aplic...', Array, true)
#6 C:\wamp64\www\dpi_ci4\app\Views\template.php(25): view('servicios/aplic...')
#7 C:\wamp64\www\dpi_ci4\system\View\View.php(210): include('C:\\wamp64\\www\\d...')
#8 C:\wamp64\www\dpi_ci4\system\View\View.php(213): CodeIgniter\View\View->CodeIgniter\View\{closure}()
#9 C:\wamp64\www\dpi_ci4\system\Common.php(1089): CodeIgniter\View\View->render('template', Array, true)
#10 C:\wamp64\www\dpi_ci4\app\Controllers\Servicios.php(79): view('template', Array)
#11 C:\wamp64\www\dpi_ci4\system\CodeIgniter.php(832): App\Controllers\Servicios->aplicaciones()
#12 C:\wamp64\www\dpi_ci4\system\CodeIgniter.php(419): CodeIgniter\CodeIgniter->runController(Object(App\Controllers\Servicios))
#13 C:\wamp64\www\dpi_ci4\system\CodeIgniter.php(326): CodeIgniter\CodeIgniter->handleRequest(NULL, Object(Config\Cache), false)
#14 C:\wamp64\www\dpi_ci4\index.php(37): CodeIgniter\CodeIgniter->run()
#15 {main}
CRITICAL - 2022-04-04 21:12:42 --> Invalid file: includes/componentes_aplicacion.php
#0 C:\wamp64\www\dpi_ci4\system\View\View.php(198): CodeIgniter\Exceptions\FrameworkException::forInvalidFile('includes/compon...')
#1 C:\wamp64\www\dpi_ci4\system\Common.php(1089): CodeIgniter\View\View->render('includes/compon...', Array, true)
#2 C:\wamp64\www\dpi_ci4\app\Views\servicios\aplicaciones.php(82): view('includes/compon...', Array)
#3 C:\wamp64\www\dpi_ci4\system\View\View.php(210): include('C:\\wamp64\\www\\d...')
#4 C:\wamp64\www\dpi_ci4\system\View\View.php(213): CodeIgniter\View\View->CodeIgniter\View\{closure}()
#5 C:\wamp64\www\dpi_ci4\system\Common.php(1089): CodeIgniter\View\View->render('servicios/aplic...', Array, true)
#6 C:\wamp64\www\dpi_ci4\app\Views\template.php(25): view('servicios/aplic...')
#7 C:\wamp64\www\dpi_ci4\system\View\View.php(210): include('C:\\wamp64\\www\\d...')
#8 C:\wamp64\www\dpi_ci4\system\View\View.php(213): CodeIgniter\View\View->CodeIgniter\View\{closure}()
#9 C:\wamp64\www\dpi_ci4\system\Common.php(1089): CodeIgniter\View\View->render('template', Array, true)
#10 C:\wamp64\www\dpi_ci4\app\Controllers\Servicios.php(79): view('template', Array)
#11 C:\wamp64\www\dpi_ci4\system\CodeIgniter.php(832): App\Controllers\Servicios->aplicaciones()
#12 C:\wamp64\www\dpi_ci4\system\CodeIgniter.php(419): CodeIgniter\CodeIgniter->runController(Object(App\Controllers\Servicios))
#13 C:\wamp64\www\dpi_ci4\system\CodeIgniter.php(326): CodeIgniter\CodeIgniter->handleRequest(NULL, Object(Config\Cache), false)
#14 C:\wamp64\www\dpi_ci4\index.php(37): CodeIgniter\CodeIgniter->run()
#15 {main}
CRITICAL - 2022-04-04 21:14:51 --> Invalid file: includes/componentes_aplicacion.php
#0 C:\wamp64\www\dpi_ci4\system\View\View.php(198): CodeIgniter\Exceptions\FrameworkException::forInvalidFile('includes/compon...')
#1 C:\wamp64\www\dpi_ci4\system\Common.php(1089): CodeIgniter\View\View->render('includes/compon...', Array, true)
#2 C:\wamp64\www\dpi_ci4\app\Views\servicios\aplicaciones.php(82): view('includes/compon...', Array)
#3 C:\wamp64\www\dpi_ci4\system\View\View.php(210): include('C:\\wamp64\\www\\d...')
#4 C:\wamp64\www\dpi_ci4\system\View\View.php(213): CodeIgniter\View\View->CodeIgniter\View\{closure}()
#5 C:\wamp64\www\dpi_ci4\system\Common.php(1089): CodeIgniter\View\View->render('servicios/aplic...', Array, true)
#6 C:\wamp64\www\dpi_ci4\app\Views\template.php(25): view('servicios/aplic...')
#7 C:\wamp64\www\dpi_ci4\system\View\View.php(210): include('C:\\wamp64\\www\\d...')
#8 C:\wamp64\www\dpi_ci4\system\View\View.php(213): CodeIgniter\View\View->CodeIgniter\View\{closure}()
#9 C:\wamp64\www\dpi_ci4\system\Common.php(1089): CodeIgniter\View\View->render('template', Array, true)
#10 C:\wamp64\www\dpi_ci4\app\Controllers\Servicios.php(83): view('template', Array)
#11 C:\wamp64\www\dpi_ci4\system\CodeIgniter.php(832): App\Controllers\Servicios->aplicaciones()
#12 C:\wamp64\www\dpi_ci4\system\CodeIgniter.php(419): CodeIgniter\CodeIgniter->runController(Object(App\Controllers\Servicios))
#13 C:\wamp64\www\dpi_ci4\system\CodeIgniter.php(326): CodeIgniter\CodeIgniter->handleRequest(NULL, Object(Config\Cache), false)
#14 C:\wamp64\www\dpi_ci4\index.php(37): CodeIgniter\CodeIgniter->run()
#15 {main}
CRITICAL - 2022-04-04 21:14:52 --> Invalid file: includes/componentes_aplicacion.php
#0 C:\wamp64\www\dpi_ci4\system\View\View.php(198): CodeIgniter\Exceptions\FrameworkException::forInvalidFile('includes/compon...')
#1 C:\wamp64\www\dpi_ci4\system\Common.php(1089): CodeIgniter\View\View->render('includes/compon...', Array, true)
#2 C:\wamp64\www\dpi_ci4\app\Views\servicios\aplicaciones.php(82): view('includes/compon...', Array)
#3 C:\wamp64\www\dpi_ci4\system\View\View.php(210): include('C:\\wamp64\\www\\d...')
#4 C:\wamp64\www\dpi_ci4\system\View\View.php(213): CodeIgniter\View\View->CodeIgniter\View\{closure}()
#5 C:\wamp64\www\dpi_ci4\system\Common.php(1089): CodeIgniter\View\View->render('servicios/aplic...', Array, true)
#6 C:\wamp64\www\dpi_ci4\app\Views\template.php(25): view('servicios/aplic...')
#7 C:\wamp64\www\dpi_ci4\system\View\View.php(210): include('C:\\wamp64\\www\\d...')
#8 C:\wamp64\www\dpi_ci4\system\View\View.php(213): CodeIgniter\View\View->CodeIgniter\View\{closure}()
#9 C:\wamp64\www\dpi_ci4\system\Common.php(1089): CodeIgniter\View\View->render('template', Array, true)
#10 C:\wamp64\www\dpi_ci4\app\Controllers\Servicios.php(83): view('template', Array)
#11 C:\wamp64\www\dpi_ci4\system\CodeIgniter.php(832): App\Controllers\Servicios->aplicaciones()
#12 C:\wamp64\www\dpi_ci4\system\CodeIgniter.php(419): CodeIgniter\CodeIgniter->runController(Object(App\Controllers\Servicios))
#13 C:\wamp64\www\dpi_ci4\system\CodeIgniter.php(326): CodeIgniter\CodeIgniter->handleRequest(NULL, Object(Config\Cache), false)
#14 C:\wamp64\www\dpi_ci4\index.php(37): CodeIgniter\CodeIgniter->run()
#15 {main}
CRITICAL - 2022-04-04 21:22:26 --> Invalid file: includes/componentes_aplicacion.php
#0 C:\wamp64\www\dpi_ci4\system\View\View.php(198): CodeIgniter\Exceptions\FrameworkException::forInvalidFile('includes/compon...')
#1 C:\wamp64\www\dpi_ci4\system\Common.php(1089): CodeIgniter\View\View->render('includes/compon...', Array, true)
#2 C:\wamp64\www\dpi_ci4\app\Views\servicios\aplicaciones.php(84): view('includes/compon...', Array)
#3 C:\wamp64\www\dpi_ci4\system\View\View.php(210): include('C:\\wamp64\\www\\d...')
#4 C:\wamp64\www\dpi_ci4\system\View\View.php(213): CodeIgniter\View\View->CodeIgniter\View\{closure}()
#5 C:\wamp64\www\dpi_ci4\system\Common.php(1089): CodeIgniter\View\View->render('servicios/aplic...', Array, true)
#6 C:\wamp64\www\dpi_ci4\app\Views\template.php(25): view('servicios/aplic...')
#7 C:\wamp64\www\dpi_ci4\system\View\View.php(210): include('C:\\wamp64\\www\\d...')
#8 C:\wamp64\www\dpi_ci4\system\View\View.php(213): CodeIgniter\View\View->CodeIgniter\View\{closure}()
#9 C:\wamp64\www\dpi_ci4\system\Common.php(1089): CodeIgniter\View\View->render('template', Array, true)
#10 C:\wamp64\www\dpi_ci4\app\Controllers\Servicios.php(83): view('template', Array)
#11 C:\wamp64\www\dpi_ci4\system\CodeIgniter.php(832): App\Controllers\Servicios->aplicaciones()
#12 C:\wamp64\www\dpi_ci4\system\CodeIgniter.php(419): CodeIgniter\CodeIgniter->runController(Object(App\Controllers\Servicios))
#13 C:\wamp64\www\dpi_ci4\system\CodeIgniter.php(326): CodeIgniter\CodeIgniter->handleRequest(NULL, Object(Config\Cache), false)
#14 C:\wamp64\www\dpi_ci4\index.php(37): CodeIgniter\CodeIgniter->run()
#15 {main}
CRITICAL - 2022-04-04 21:36:41 --> Invalid argument supplied for foreach()
#0 C:\wamp64\www\dpi_ci4\app\Views\servicios\aplicaciones.php(15): CodeIgniter\Debug\Exceptions->errorHandler(2, 'Invalid argumen...', 'C:\\wamp64\\www\\d...', 15, Array)
#1 C:\wamp64\www\dpi_ci4\system\View\View.php(210): include('C:\\wamp64\\www\\d...')
#2 C:\wamp64\www\dpi_ci4\system\View\View.php(213): CodeIgniter\View\View->CodeIgniter\View\{closure}()
#3 C:\wamp64\www\dpi_ci4\system\Common.php(1089): CodeIgniter\View\View->render('servicios/aplic...', Array, true)
#4 C:\wamp64\www\dpi_ci4\app\Views\template.php(25): view('servicios/aplic...')
#5 C:\wamp64\www\dpi_ci4\system\View\View.php(210): include('C:\\wamp64\\www\\d...')
#6 C:\wamp64\www\dpi_ci4\system\View\View.php(213): CodeIgniter\View\View->CodeIgniter\View\{closure}()
#7 C:\wamp64\www\dpi_ci4\system\Common.php(1089): CodeIgniter\View\View->render('template', Array, true)
#8 C:\wamp64\www\dpi_ci4\app\Controllers\Servicios.php(249): view('template', Array)
#9 C:\wamp64\www\dpi_ci4\system\CodeIgniter.php(832): App\Controllers\Servicios->aplicaciones()
#10 C:\wamp64\www\dpi_ci4\system\CodeIgniter.php(419): CodeIgniter\CodeIgniter->runController(Object(App\Controllers\Servicios))
#11 C:\wamp64\www\dpi_ci4\system\CodeIgniter.php(326): CodeIgniter\CodeIgniter->handleRequest(NULL, Object(Config\Cache), false)
#12 C:\wamp64\www\dpi_ci4\index.php(37): CodeIgniter\CodeIgniter->run()
#13 {main}
CRITICAL - 2022-04-04 21:37:23 --> Invalid argument supplied for foreach()
#0 C:\wamp64\www\dpi_ci4\app\Views\servicios\aplicaciones.php(15): CodeIgniter\Debug\Exceptions->errorHandler(2, 'Invalid argumen...', 'C:\\wamp64\\www\\d...', 15, Array)
#1 C:\wamp64\www\dpi_ci4\system\View\View.php(210): include('C:\\wamp64\\www\\d...')
#2 C:\wamp64\www\dpi_ci4\system\View\View.php(213): CodeIgniter\View\View->CodeIgniter\View\{closure}()
#3 C:\wamp64\www\dpi_ci4\system\Common.php(1089): CodeIgniter\View\View->render('servicios/aplic...', Array, true)
#4 C:\wamp64\www\dpi_ci4\app\Views\template.php(25): view('servicios/aplic...')
#5 C:\wamp64\www\dpi_ci4\system\View\View.php(210): include('C:\\wamp64\\www\\d...')
#6 C:\wamp64\www\dpi_ci4\system\View\View.php(213): CodeIgniter\View\View->CodeIgniter\View\{closure}()
#7 C:\wamp64\www\dpi_ci4\system\Common.php(1089): CodeIgniter\View\View->render('template', Array, true)
#8 C:\wamp64\www\dpi_ci4\app\Controllers\Servicios.php(249): view('template', Array)
#9 C:\wamp64\www\dpi_ci4\system\CodeIgniter.php(832): App\Controllers\Servicios->aplicaciones()
#10 C:\wamp64\www\dpi_ci4\system\CodeIgniter.php(419): CodeIgniter\CodeIgniter->runController(Object(App\Controllers\Servicios))
#11 C:\wamp64\www\dpi_ci4\system\CodeIgniter.php(326): CodeIgniter\CodeIgniter->handleRequest(NULL, Object(Config\Cache), false)
#12 C:\wamp64\www\dpi_ci4\index.php(37): CodeIgniter\CodeIgniter->run()
#13 {main}
CRITICAL - 2022-04-04 21:49:42 --> Cannot redeclare eliminar_acentos() (previously declared in C:\wamp64\www\dpi_ci4\app\Views\includes\componente_aplicacion.php:39)
#0 [internal function]: CodeIgniter\Debug\Exceptions->shutdownHandler()
#1 {main}
CRITICAL - 2022-04-04 21:49:58 --> Cannot redeclare eliminar_acentos() (previously declared in C:\wamp64\www\dpi_ci4\app\Views\includes\componente_aplicacion.php:39)
#0 [internal function]: CodeIgniter\Debug\Exceptions->shutdownHandler()
#1 {main}
CRITICAL - 2022-04-04 21:50:14 --> Cannot redeclare eliminar_acentos() (previously declared in C:\wamp64\www\dpi_ci4\app\Views\includes\componente_aplicacion.php:39)
#0 [internal function]: CodeIgniter\Debug\Exceptions->shutdownHandler()
#1 {main}
CRITICAL - 2022-04-04 21:50:37 --> Cannot redeclare eliminar_acentos() (previously declared in C:\wamp64\www\dpi_ci4\app\Views\includes\componente_aplicacion.php:40)
#0 [internal function]: CodeIgniter\Debug\Exceptions->shutdownHandler()
#1 {main}
CRITICAL - 2022-04-04 21:51:02 --> Cannot redeclare eliminar_acentos() (previously declared in C:\wamp64\www\dpi_ci4\app\Views\includes\componente_aplicacion.php:40)
#0 [internal function]: CodeIgniter\Debug\Exceptions->shutdownHandler()
#1 {main}
CRITICAL - 2022-04-04 21:56:48 --> Cannot redeclare eliminar_espacios() (previously declared in C:\wamp64\www\dpi_ci4\app\Views\includes\componente_aplicacion.php:44)
#0 [internal function]: CodeIgniter\Debug\Exceptions->shutdownHandler()
#1 {main}
CRITICAL - 2022-04-04 21:57:45 --> Cannot redeclare eliminar_espacios() (previously declared in C:\wamp64\www\dpi_ci4\app\Views\includes\componente_aplicacion.php:44)
#0 [internal function]: CodeIgniter\Debug\Exceptions->shutdownHandler()
#1 {main}
CRITICAL - 2022-04-04 21:58:08 --> syntax error, unexpected '}', expecting ';'
#0 C:\wamp64\www\dpi_ci4\system\View\View.php(213): CodeIgniter\View\View->CodeIgniter\View\{closure}()
#1 C:\wamp64\www\dpi_ci4\system\Common.php(1089): CodeIgniter\View\View->render('includes/compon...', Array, true)
#2 C:\wamp64\www\dpi_ci4\app\Views\servicios\aplicaciones.php(84): view('includes/compon...', Array)
#3 C:\wamp64\www\dpi_ci4\system\View\View.php(210): include('C:\\wamp64\\www\\d...')
#4 C:\wamp64\www\dpi_ci4\system\View\View.php(213): CodeIgniter\View\View->CodeIgniter\View\{closure}()
#5 C:\wamp64\www\dpi_ci4\system\Common.php(1089): CodeIgniter\View\View->render('servicios/aplic...', Array, true)
#6 C:\wamp64\www\dpi_ci4\app\Views\template.php(25): view('servicios/aplic...')
#7 C:\wamp64\www\dpi_ci4\system\View\View.php(210): include('C:\\wamp64\\www\\d...')
#8 C:\wamp64\www\dpi_ci4\system\View\View.php(213): CodeIgniter\View\View->CodeIgniter\View\{closure}()
#9 C:\wamp64\www\dpi_ci4\system\Common.php(1089): CodeIgniter\View\View->render('template', Array, true)
#10 C:\wamp64\www\dpi_ci4\app\Controllers\Servicios.php(249): view('template', Array)
#11 C:\wamp64\www\dpi_ci4\system\CodeIgniter.php(832): App\Controllers\Servicios->aplicaciones()
#12 C:\wamp64\www\dpi_ci4\system\CodeIgniter.php(419): CodeIgniter\CodeIgniter->runController(Object(App\Controllers\Servicios))
#13 C:\wamp64\www\dpi_ci4\system\CodeIgniter.php(326): CodeIgniter\CodeIgniter->handleRequest(NULL, Object(Config\Cache), false)
#14 C:\wamp64\www\dpi_ci4\index.php(37): CodeIgniter\CodeIgniter->run()
#15 {main}
CRITICAL - 2022-04-04 21:58:21 --> Cannot redeclare eliminar_espacios() (previously declared in C:\wamp64\www\dpi_ci4\app\Views\includes\componente_aplicacion.php:44)
#0 [internal function]: CodeIgniter\Debug\Exceptions->shutdownHandler()
#1 {main}
CRITICAL - 2022-04-04 21:58:28 --> Cannot redeclare eliminar_espacios() (previously declared in C:\wamp64\www\dpi_ci4\app\Views\includes\componente_aplicacion.php:44)
#0 [internal function]: CodeIgniter\Debug\Exceptions->shutdownHandler()
#1 {main}
CRITICAL - 2022-04-04 21:59:33 --> Cannot redeclare eliminar_espacios() (previously declared in C:\wamp64\www\dpi_ci4\app\Views\includes\componente_aplicacion.php:43)
#0 [internal function]: CodeIgniter\Debug\Exceptions->shutdownHandler()
#1 {main}
CRITICAL - 2022-04-04 21:59:48 --> Cannot redeclare eliminar_acentos() (previously declared in C:\wamp64\www\dpi_ci4\app\Views\includes\componente_aplicacion.php:44)
#0 [internal function]: CodeIgniter\Debug\Exceptions->shutdownHandler()
#1 {main}
CRITICAL - 2022-04-04 22:01:34 --> Cannot redeclare otraFuncion() (previously declared in C:\wamp64\www\dpi_ci4\app\Views\includes\componente_aplicacion.php:37)
#0 [internal function]: CodeIgniter\Debug\Exceptions->shutdownHandler()
#1 {main}
CRITICAL - 2022-04-04 22:02:03 --> Cannot redeclare otraFuncion() (previously declared in C:\wamp64\www\dpi_ci4\app\Views\includes\componente_aplicacion.php:37)
#0 [internal function]: CodeIgniter\Debug\Exceptions->shutdownHandler()
#1 {main}
CRITICAL - 2022-04-04 22:02:12 --> Cannot redeclare otraFuncion() (previously declared in C:\wamp64\www\dpi_ci4\app\Views\includes\componente_aplicacion.php:37)
#0 [internal function]: CodeIgniter\Debug\Exceptions->shutdownHandler()
#1 {main}
CRITICAL - 2022-04-04 22:03:01 --> Cannot redeclare otraFuncion() (previously declared in C:\wamp64\www\dpi_ci4\app\Views\includes\componente_aplicacion.php:37)
#0 [internal function]: CodeIgniter\Debug\Exceptions->shutdownHandler()
#1 {main}
CRITICAL - 2022-04-04 22:03:11 --> Cannot redeclare otraFuncion() (previously declared in C:\wamp64\www\dpi_ci4\app\Views\includes\componente_aplicacion.php:37)
#0 [internal function]: CodeIgniter\Debug\Exceptions->shutdownHandler()
#1 {main}
CRITICAL - 2022-04-04 22:03:49 --> syntax error, unexpected '}'
#0 C:\wamp64\www\dpi_ci4\system\View\View.php(213): CodeIgniter\View\View->CodeIgniter\View\{closure}()
#1 C:\wamp64\www\dpi_ci4\system\Common.php(1089): CodeIgniter\View\View->render('includes/compon...', Array, true)
#2 C:\wamp64\www\dpi_ci4\app\Views\servicios\aplicaciones.php(84): view('includes/compon...', Array)
#3 C:\wamp64\www\dpi_ci4\system\View\View.php(210): include('C:\\wamp64\\www\\d...')
#4 C:\wamp64\www\dpi_ci4\system\View\View.php(213): CodeIgniter\View\View->CodeIgniter\View\{closure}()
#5 C:\wamp64\www\dpi_ci4\system\Common.php(1089): CodeIgniter\View\View->render('servicios/aplic...', Array, true)
#6 C:\wamp64\www\dpi_ci4\app\Views\template.php(25): view('servicios/aplic...')
#7 C:\wamp64\www\dpi_ci4\system\View\View.php(210): include('C:\\wamp64\\www\\d...')
#8 C:\wamp64\www\dpi_ci4\system\View\View.php(213): CodeIgniter\View\View->CodeIgniter\View\{closure}()
#9 C:\wamp64\www\dpi_ci4\system\Common.php(1089): CodeIgniter\View\View->render('template', Array, true)
#10 C:\wamp64\www\dpi_ci4\app\Controllers\Servicios.php(249): view('template', Array)
#11 C:\wamp64\www\dpi_ci4\system\CodeIgniter.php(832): App\Controllers\Servicios->aplicaciones()
#12 C:\wamp64\www\dpi_ci4\system\CodeIgniter.php(419): CodeIgniter\CodeIgniter->runController(Object(App\Controllers\Servicios))
#13 C:\wamp64\www\dpi_ci4\system\CodeIgniter.php(326): CodeIgniter\CodeIgniter->handleRequest(NULL, Object(Config\Cache), false)
#14 C:\wamp64\www\dpi_ci4\index.php(37): CodeIgniter\CodeIgniter->run()
#15 {main}
CRITICAL - 2022-04-04 22:03:56 --> Cannot redeclare otraFuncion() (previously declared in C:\wamp64\www\dpi_ci4\app\Views\includes\componente_aplicacion.php:37)
#0 [internal function]: CodeIgniter\Debug\Exceptions->shutdownHandler()
#1 {main}
CRITICAL - 2022-04-04 22:04:15 --> Cannot redeclare otraFuncion() (previously declared in C:\wamp64\www\dpi_ci4\app\Views\includes\componente_aplicacion.php:37)
#0 [internal function]: CodeIgniter\Debug\Exceptions->shutdownHandler()
#1 {main}
CRITICAL - 2022-04-04 22:04:32 --> Cannot redeclare otraFuncion() (previously declared in C:\wamp64\www\dpi_ci4\app\Views\includes\componente_aplicacion.php:37)
#0 [internal function]: CodeIgniter\Debug\Exceptions->shutdownHandler()
#1 {main}
CRITICAL - 2022-04-04 22:05:01 --> Cannot redeclare otraFuncion() (previously declared in C:\wamp64\www\dpi_ci4\app\Views\includes\componente_aplicacion.php:37)
#0 [internal function]: CodeIgniter\Debug\Exceptions->shutdownHandler()
#1 {main}
CRITICAL - 2022-04-04 22:05:54 --> Cannot redeclare otraFuncion() (previously declared in C:\wamp64\www\dpi_ci4\app\Views\includes\componente_aplicacion.php:38)
#0 [internal function]: CodeIgniter\Debug\Exceptions->shutdownHandler()
#1 {main}
CRITICAL - 2022-04-04 22:06:14 --> Cannot redeclare otraFuncion() (previously declared in C:\wamp64\www\dpi_ci4\app\Views\includes\componente_aplicacion.php:37)
#0 [internal function]: CodeIgniter\Debug\Exceptions->shutdownHandler()
#1 {main}
CRITICAL - 2022-04-04 22:06:47 --> Cannot redeclare otraFuncion() (previously declared in C:\wamp64\www\dpi_ci4\app\Views\includes\componente_aplicacion.php:37)
#0 [internal function]: CodeIgniter\Debug\Exceptions->shutdownHandler()
#1 {main}
CRITICAL - 2022-04-04 22:07:13 --> Undefined variable: hero
#0 C:\wamp64\www\dpi_ci4\app\Views\includes\hero.php(1): CodeIgniter\Debug\Exceptions->errorHandler(8, 'Undefined varia...', 'C:\\wamp64\\www\\d...', 1, Array)
#1 C:\wamp64\www\dpi_ci4\system\View\View.php(210): include('C:\\wamp64\\www\\d...')
#2 C:\wamp64\www\dpi_ci4\system\View\View.php(213): CodeIgniter\View\View->CodeIgniter\View\{closure}()
#3 C:\wamp64\www\dpi_ci4\system\Common.php(1089): CodeIgniter\View\View->render('includes/hero', Array, true)
#4 C:\wamp64\www\dpi_ci4\app\Views\servicios\aplicaciones.php(4): view('includes/hero', Array)
#5 C:\wamp64\www\dpi_ci4\system\View\View.php(210): include('C:\\wamp64\\www\\d...')
#6 C:\wamp64\www\dpi_ci4\system\View\View.php(213): CodeIgniter\View\View->CodeIgniter\View\{closure}()
#7 C:\wamp64\www\dpi_ci4\system\Common.php(1089): CodeIgniter\View\View->render('servicios/aplic...', Array, true)
#8 C:\wamp64\www\dpi_ci4\app\Views\template.php(25): view('servicios/aplic...')
#9 C:\wamp64\www\dpi_ci4\system\View\View.php(210): include('C:\\wamp64\\www\\d...')
#10 C:\wamp64\www\dpi_ci4\system\View\View.php(213): CodeIgniter\View\View->CodeIgniter\View\{closure}()
#11 C:\wamp64\www\dpi_ci4\system\Common.php(1089): CodeIgniter\View\View->render('template', Array, true)
#12 C:\wamp64\www\dpi_ci4\app\Controllers\Servicios.php(249): view('template', Array)
#13 C:\wamp64\www\dpi_ci4\system\CodeIgniter.php(832): App\Controllers\Servicios->aplicaciones()
#14 C:\wamp64\www\dpi_ci4\system\CodeIgniter.php(419): CodeIgniter\CodeIgniter->runController(Object(App\Controllers\Servicios))
#15 C:\wamp64\www\dpi_ci4\system\CodeIgniter.php(326): CodeIgniter\CodeIgniter->handleRequest(NULL, Object(Config\Cache), false)
#16 C:\wamp64\www\dpi_ci4\index.php(37): CodeIgniter\CodeIgniter->run()
#17 {main}
CRITICAL - 2022-04-04 22:09:41 --> Undefined variable: data
#0 C:\wamp64\www\dpi_ci4\app\Views\template.php(25): CodeIgniter\Debug\Exceptions->errorHandler(8, 'Undefined varia...', 'C:\\wamp64\\www\\d...', 25, Array)
#1 C:\wamp64\www\dpi_ci4\system\View\View.php(210): include('C:\\wamp64\\www\\d...')
#2 C:\wamp64\www\dpi_ci4\system\View\View.php(213): CodeIgniter\View\View->CodeIgniter\View\{closure}()
#3 C:\wamp64\www\dpi_ci4\system\Common.php(1089): CodeIgniter\View\View->render('template', Array, true)
#4 C:\wamp64\www\dpi_ci4\app\Controllers\Servicios.php(249): view('template', Array)
#5 C:\wamp64\www\dpi_ci4\system\CodeIgniter.php(832): App\Controllers\Servicios->aplicaciones()
#6 C:\wamp64\www\dpi_ci4\system\CodeIgniter.php(419): CodeIgniter\CodeIgniter->runController(Object(App\Controllers\Servicios))
#7 C:\wamp64\www\dpi_ci4\system\CodeIgniter.php(326): CodeIgniter\CodeIgniter->handleRequest(NULL, Object(Config\Cache), false)
#8 C:\wamp64\www\dpi_ci4\index.php(37): CodeIgniter\CodeIgniter->run()
#9 {main}
CRITICAL - 2022-04-04 22:09:50 --> Undefined variable: hero
#0 C:\wamp64\www\dpi_ci4\app\Views\template.php(25): CodeIgniter\Debug\Exceptions->errorHandler(8, 'Undefined varia...', 'C:\\wamp64\\www\\d...', 25, Array)
#1 C:\wamp64\www\dpi_ci4\system\View\View.php(210): include('C:\\wamp64\\www\\d...')
#2 C:\wamp64\www\dpi_ci4\system\View\View.php(213): CodeIgniter\View\View->CodeIgniter\View\{closure}()
#3 C:\wamp64\www\dpi_ci4\system\Common.php(1089): CodeIgniter\View\View->render('template', Array, true)
#4 C:\wamp64\www\dpi_ci4\app\Controllers\Servicios.php(249): view('template', Array)
#5 C:\wamp64\www\dpi_ci4\system\CodeIgniter.php(832): App\Controllers\Servicios->aplicaciones()
#6 C:\wamp64\www\dpi_ci4\system\CodeIgniter.php(419): CodeIgniter\CodeIgniter->runController(Object(App\Controllers\Servicios))
#7 C:\wamp64\www\dpi_ci4\system\CodeIgniter.php(326): CodeIgniter\CodeIgniter->handleRequest(NULL, Object(Config\Cache), false)
#8 C:\wamp64\www\dpi_ci4\index.php(37): CodeIgniter\CodeIgniter->run()
#9 {main}
CRITICAL - 2022-04-04 22:10:55 --> Undefined variable: hero
#0 C:\wamp64\www\dpi_ci4\app\Views\includes\hero.php(1): CodeIgniter\Debug\Exceptions->errorHandler(8, 'Undefined varia...', 'C:\\wamp64\\www\\d...', 1, Array)
#1 C:\wamp64\www\dpi_ci4\system\View\View.php(210): include('C:\\wamp64\\www\\d...')
#2 C:\wamp64\www\dpi_ci4\system\View\View.php(213): CodeIgniter\View\View->CodeIgniter\View\{closure}()
#3 C:\wamp64\www\dpi_ci4\system\Common.php(1089): CodeIgniter\View\View->render('includes/hero', Array, true)
#4 C:\wamp64\www\dpi_ci4\app\Views\servicios\aplicaciones.php(4): view('includes/hero', Array)
#5 C:\wamp64\www\dpi_ci4\system\View\View.php(210): include('C:\\wamp64\\www\\d...')
#6 C:\wamp64\www\dpi_ci4\system\View\View.php(213): CodeIgniter\View\View->CodeIgniter\View\{closure}()
#7 C:\wamp64\www\dpi_ci4\system\Common.php(1089): CodeIgniter\View\View->render('servicios/aplic...', Array, true)
#8 C:\wamp64\www\dpi_ci4\app\Views\template.php(25): view('servicios/aplic...')
#9 C:\wamp64\www\dpi_ci4\system\View\View.php(210): include('C:\\wamp64\\www\\d...')
#10 C:\wamp64\www\dpi_ci4\system\View\View.php(213): CodeIgniter\View\View->CodeIgniter\View\{closure}()
#11 C:\wamp64\www\dpi_ci4\system\Common.php(1089): CodeIgniter\View\View->render('template', Array, true)
#12 C:\wamp64\www\dpi_ci4\app\Controllers\Servicios.php(249): view('template', Array)
#13 C:\wamp64\www\dpi_ci4\system\CodeIgniter.php(832): App\Controllers\Servicios->aplicaciones()
#14 C:\wamp64\www\dpi_ci4\system\CodeIgniter.php(419): CodeIgniter\CodeIgniter->runController(Object(App\Controllers\Servicios))
#15 C:\wamp64\www\dpi_ci4\system\CodeIgniter.php(326): CodeIgniter\CodeIgniter->handleRequest(NULL, Object(Config\Cache), false)
#16 C:\wamp64\www\dpi_ci4\index.php(37): CodeIgniter\CodeIgniter->run()
#17 {main}
CRITICAL - 2022-04-04 22:12:04 --> Undefined variable: hero
#0 C:\wamp64\www\dpi_ci4\app\Views\includes\hero.php(1): CodeIgniter\Debug\Exceptions->errorHandler(8, 'Undefined varia...', 'C:\\wamp64\\www\\d...', 1, Array)
#1 C:\wamp64\www\dpi_ci4\system\View\View.php(210): include('C:\\wamp64\\www\\d...')
#2 C:\wamp64\www\dpi_ci4\system\View\View.php(213): CodeIgniter\View\View->CodeIgniter\View\{closure}()
#3 C:\wamp64\www\dpi_ci4\system\Common.php(1089): CodeIgniter\View\View->render('includes/hero', Array, true)
#4 C:\wamp64\www\dpi_ci4\app\Views\servicios\aplicaciones.php(4): view('includes/hero', Array)
#5 C:\wamp64\www\dpi_ci4\system\View\View.php(210): include('C:\\wamp64\\www\\d...')
#6 C:\wamp64\www\dpi_ci4\system\View\View.php(213): CodeIgniter\View\View->CodeIgniter\View\{closure}()
#7 C:\wamp64\www\dpi_ci4\system\Common.php(1089): CodeIgniter\View\View->render('servicios/aplic...', Array, true)
#8 C:\wamp64\www\dpi_ci4\app\Views\template.php(25): view('servicios/aplic...')
#9 C:\wamp64\www\dpi_ci4\system\View\View.php(210): include('C:\\wamp64\\www\\d...')
#10 C:\wamp64\www\dpi_ci4\system\View\View.php(213): CodeIgniter\View\View->CodeIgniter\View\{closure}()
#11 C:\wamp64\www\dpi_ci4\system\Common.php(1089): CodeIgniter\View\View->render('template', Array, true)
#12 C:\wamp64\www\dpi_ci4\app\Controllers\Servicios.php(249): view('template', Array)
#13 C:\wamp64\www\dpi_ci4\system\CodeIgniter.php(832): App\Controllers\Servicios->aplicaciones()
#14 C:\wamp64\www\dpi_ci4\system\CodeIgniter.php(419): CodeIgniter\CodeIgniter->runController(Object(App\Controllers\Servicios))
#15 C:\wamp64\www\dpi_ci4\system\CodeIgniter.php(326): CodeIgniter\CodeIgniter->handleRequest(NULL, Object(Config\Cache), false)
#16 C:\wamp64\www\dpi_ci4\index.php(37): CodeIgniter\CodeIgniter->run()
#17 {main}
CRITICAL - 2022-04-04 22:12:06 --> Undefined variable: hero
#0 C:\wamp64\www\dpi_ci4\app\Views\includes\hero.php(1): CodeIgniter\Debug\Exceptions->errorHandler(8, 'Undefined varia...', 'C:\\wamp64\\www\\d...', 1, Array)
#1 C:\wamp64\www\dpi_ci4\system\View\View.php(210): include('C:\\wamp64\\www\\d...')
#2 C:\wamp64\www\dpi_ci4\system\View\View.php(213): CodeIgniter\View\View->CodeIgniter\View\{closure}()
#3 C:\wamp64\www\dpi_ci4\system\Common.php(1089): CodeIgniter\View\View->render('includes/hero', Array, true)
#4 C:\wamp64\www\dpi_ci4\app\Views\servicios\aplicaciones.php(4): view('includes/hero', Array)
#5 C:\wamp64\www\dpi_ci4\system\View\View.php(210): include('C:\\wamp64\\www\\d...')
#6 C:\wamp64\www\dpi_ci4\system\View\View.php(213): CodeIgniter\View\View->CodeIgniter\View\{closure}()
#7 C:\wamp64\www\dpi_ci4\system\Common.php(1089): CodeIgniter\View\View->render('servicios/aplic...', Array, true)
#8 C:\wamp64\www\dpi_ci4\app\Views\template.php(25): view('servicios/aplic...')
#9 C:\wamp64\www\dpi_ci4\system\View\View.php(210): include('C:\\wamp64\\www\\d...')
#10 C:\wamp64\www\dpi_ci4\system\View\View.php(213): CodeIgniter\View\View->CodeIgniter\View\{closure}()
#11 C:\wamp64\www\dpi_ci4\system\Common.php(1089): CodeIgniter\View\View->render('template', Array, true)
#12 C:\wamp64\www\dpi_ci4\app\Controllers\Servicios.php(249): view('template', Array)
#13 C:\wamp64\www\dpi_ci4\system\CodeIgniter.php(832): App\Controllers\Servicios->aplicaciones()
#14 C:\wamp64\www\dpi_ci4\system\CodeIgniter.php(419): CodeIgniter\CodeIgniter->runController(Object(App\Controllers\Servicios))
#15 C:\wamp64\www\dpi_ci4\system\CodeIgniter.php(326): CodeIgniter\CodeIgniter->handleRequest(NULL, Object(Config\Cache), false)
#16 C:\wamp64\www\dpi_ci4\index.php(37): CodeIgniter\CodeIgniter->run()
#17 {main}
CRITICAL - 2022-04-04 22:12:24 --> Undefined variable: hero
#0 C:\wamp64\www\dpi_ci4\app\Views\includes\hero.php(1): CodeIgniter\Debug\Exceptions->errorHandler(8, 'Undefined varia...', 'C:\\wamp64\\www\\d...', 1, Array)
#1 C:\wamp64\www\dpi_ci4\system\View\View.php(210): include('C:\\wamp64\\www\\d...')
#2 C:\wamp64\www\dpi_ci4\system\View\View.php(213): CodeIgniter\View\View->CodeIgniter\View\{closure}()
#3 C:\wamp64\www\dpi_ci4\system\Common.php(1089): CodeIgniter\View\View->render('includes/hero', Array, true)
#4 C:\wamp64\www\dpi_ci4\app\Views\servicios\aplicaciones.php(4): view('includes/hero', Array)
#5 C:\wamp64\www\dpi_ci4\system\View\View.php(210): include('C:\\wamp64\\www\\d...')
#6 C:\wamp64\www\dpi_ci4\system\View\View.php(213): CodeIgniter\View\View->CodeIgniter\View\{closure}()
#7 C:\wamp64\www\dpi_ci4\system\Common.php(1089): CodeIgniter\View\View->render('servicios/aplic...', Array, true)
#8 C:\wamp64\www\dpi_ci4\app\Views\template.php(25): view('servicios/aplic...')
#9 C:\wamp64\www\dpi_ci4\system\View\View.php(210): include('C:\\wamp64\\www\\d...')
#10 C:\wamp64\www\dpi_ci4\system\View\View.php(213): CodeIgniter\View\View->CodeIgniter\View\{closure}()
#11 C:\wamp64\www\dpi_ci4\system\Common.php(1089): CodeIgniter\View\View->render('template', Array, true)
#12 C:\wamp64\www\dpi_ci4\app\Controllers\Servicios.php(249): view('template', Array)
#13 C:\wamp64\www\dpi_ci4\system\CodeIgniter.php(832): App\Controllers\Servicios->aplicaciones()
#14 C:\wamp64\www\dpi_ci4\system\CodeIgniter.php(419): CodeIgniter\CodeIgniter->runController(Object(App\Controllers\Servicios))
#15 C:\wamp64\www\dpi_ci4\system\CodeIgniter.php(326): CodeIgniter\CodeIgniter->handleRequest(NULL, Object(Config\Cache), false)
#16 C:\wamp64\www\dpi_ci4\index.php(37): CodeIgniter\CodeIgniter->run()
#17 {main}
CRITICAL - 2022-04-04 22:13:59 --> Cannot redeclare otraFuncion() (previously declared in C:\wamp64\www\dpi_ci4\app\Views\includes\componente_aplicacion.php:37)
#0 [internal function]: CodeIgniter\Debug\Exceptions->shutdownHandler()
#1 {main}
CRITICAL - 2022-04-04 22:15:12 --> Cannot redeclare otraFuncion() (previously declared in C:\wamp64\www\dpi_ci4\app\Views\includes\componente_aplicacion.php:37)
#0 [internal function]: CodeIgniter\Debug\Exceptions->shutdownHandler()
#1 {main}
CRITICAL - 2022-04-04 22:17:55 --> Cannot redeclare otraFuncion() (previously declared in C:\wamp64\www\dpi_ci4\app\Views\includes\componente_aplicacion.php:37)
#0 [internal function]: CodeIgniter\Debug\Exceptions->shutdownHandler()
#1 {main}
CRITICAL - 2022-04-04 22:18:39 --> Cannot redeclare otraFuncion() (previously declared in C:\wamp64\www\dpi_ci4\app\Views\includes\componente_aplicacion.php:37)
#0 [internal function]: CodeIgniter\Debug\Exceptions->shutdownHandler()
#1 {main}
CRITICAL - 2022-04-04 22:20:35 --> Cannot redeclare otraFuncion() (previously declared in C:\wamp64\www\dpi_ci4\app\Views\includes\componente_aplicacion.php:37)
#0 [internal function]: CodeIgniter\Debug\Exceptions->shutdownHandler()
#1 {main}
CRITICAL - 2022-04-04 22:20:48 --> Cannot redeclare eliminar_acentos() (previously declared in C:\wamp64\www\dpi_ci4\app\Views\includes\componente_aplicacion.php:44)
#0 [internal function]: CodeIgniter\Debug\Exceptions->shutdownHandler()
#1 {main}
CRITICAL - 2022-04-04 22:21:43 --> Undefined variable: hero
#0 C:\wamp64\www\dpi_ci4\app\Views\includes\hero.php(1): CodeIgniter\Debug\Exceptions->errorHandler(8, 'Undefined varia...', 'C:\\wamp64\\www\\d...', 1, Array)
#1 C:\wamp64\www\dpi_ci4\system\View\View.php(210): include('C:\\wamp64\\www\\d...')
#2 C:\wamp64\www\dpi_ci4\system\View\View.php(213): CodeIgniter\View\View->CodeIgniter\View\{closure}()
#3 C:\wamp64\www\dpi_ci4\system\Common.php(1089): CodeIgniter\View\View->render('includes/hero', Array, true)
#4 C:\wamp64\www\dpi_ci4\app\Views\servicios\aplicaciones.php(4): view('includes/hero', Array)
#5 C:\wamp64\www\dpi_ci4\system\View\View.php(210): include('C:\\wamp64\\www\\d...')
#6 C:\wamp64\www\dpi_ci4\system\View\View.php(213): CodeIgniter\View\View->CodeIgniter\View\{closure}()
#7 C:\wamp64\www\dpi_ci4\system\Common.php(1089): CodeIgniter\View\View->render('servicios/aplic...', Array, true)
#8 C:\wamp64\www\dpi_ci4\app\Views\template.php(25): view('servicios/aplic...')
#9 C:\wamp64\www\dpi_ci4\system\View\View.php(210): include('C:\\wamp64\\www\\d...')
#10 C:\wamp64\www\dpi_ci4\system\View\View.php(213): CodeIgniter\View\View->CodeIgniter\View\{closure}()
#11 C:\wamp64\www\dpi_ci4\system\Common.php(1089): CodeIgniter\View\View->render('template', Array, true)
#12 C:\wamp64\www\dpi_ci4\app\Controllers\Servicios.php(249): view('template', Array)
#13 C:\wamp64\www\dpi_ci4\system\CodeIgniter.php(832): App\Controllers\Servicios->aplicaciones()
#14 C:\wamp64\www\dpi_ci4\system\CodeIgniter.php(419): CodeIgniter\CodeIgniter->runController(Object(App\Controllers\Servicios))
#15 C:\wamp64\www\dpi_ci4\system\CodeIgniter.php(326): CodeIgniter\CodeIgniter->handleRequest(NULL, Object(Config\Cache), false)
#16 C:\wamp64\www\dpi_ci4\index.php(37): CodeIgniter\CodeIgniter->run()
#17 {main}
CRITICAL - 2022-04-04 22:22:03 --> Undefined variable: hero
#0 C:\wamp64\www\dpi_ci4\app\Views\includes\hero.php(1): CodeIgniter\Debug\Exceptions->errorHandler(8, 'Undefined varia...', 'C:\\wamp64\\www\\d...', 1, Array)
#1 C:\wamp64\www\dpi_ci4\system\View\View.php(210): include('C:\\wamp64\\www\\d...')
#2 C:\wamp64\www\dpi_ci4\system\View\View.php(213): CodeIgniter\View\View->CodeIgniter\View\{closure}()
#3 C:\wamp64\www\dpi_ci4\system\Common.php(1089): CodeIgniter\View\View->render('includes/hero', Array, true)
#4 C:\wamp64\www\dpi_ci4\app\Views\servicios.php(4): view('includes/hero', Array)
#5 C:\wamp64\www\dpi_ci4\system\View\View.php(210): include('C:\\wamp64\\www\\d...')
#6 C:\wamp64\www\dpi_ci4\system\View\View.php(213): CodeIgniter\View\View->CodeIgniter\View\{closure}()
#7 C:\wamp64\www\dpi_ci4\system\Common.php(1089): CodeIgniter\View\View->render('servicios', Array, true)
#8 C:\wamp64\www\dpi_ci4\app\Views\template.php(25): view('servicios')
#9 C:\wamp64\www\dpi_ci4\system\View\View.php(210): include('C:\\wamp64\\www\\d...')
#10 C:\wamp64\www\dpi_ci4\system\View\View.php(213): CodeIgniter\View\View->CodeIgniter\View\{closure}()
#11 C:\wamp64\www\dpi_ci4\system\Common.php(1089): CodeIgniter\View\View->render('template', Array, true)
#12 C:\wamp64\www\dpi_ci4\app\Controllers\Servicios.php(9): view('template', Array)
#13 C:\wamp64\www\dpi_ci4\system\CodeIgniter.php(832): App\Controllers\Servicios->index()
#14 C:\wamp64\www\dpi_ci4\system\CodeIgniter.php(419): CodeIgniter\CodeIgniter->runController(Object(App\Controllers\Servicios))
#15 C:\wamp64\www\dpi_ci4\system\CodeIgniter.php(326): CodeIgniter\CodeIgniter->handleRequest(NULL, Object(Config\Cache), false)
#16 C:\wamp64\www\dpi_ci4\index.php(37): CodeIgniter\CodeIgniter->run()
#17 {main}
CRITICAL - 2022-04-04 22:24:49 --> Undefined variable: hero
#0 C:\wamp64\www\dpi_ci4\app\Views\includes\hero.php(1): CodeIgniter\Debug\Exceptions->errorHandler(8, 'Undefined varia...', 'C:\\wamp64\\www\\d...', 1, Array)
#1 C:\wamp64\www\dpi_ci4\system\View\View.php(210): include('C:\\wamp64\\www\\d...')
#2 C:\wamp64\www\dpi_ci4\system\View\View.php(213): CodeIgniter\View\View->CodeIgniter\View\{closure}()
#3 C:\wamp64\www\dpi_ci4\system\Common.php(1089): CodeIgniter\View\View->render('includes/hero', Array, true)
#4 C:\wamp64\www\dpi_ci4\app\Views\servicios.php(4): view('includes/hero', Array)
#5 C:\wamp64\www\dpi_ci4\system\View\View.php(210): include('C:\\wamp64\\www\\d...')
#6 C:\wamp64\www\dpi_ci4\system\View\View.php(213): CodeIgniter\View\View->CodeIgniter\View\{closure}()
#7 C:\wamp64\www\dpi_ci4\system\Common.php(1089): CodeIgniter\View\View->render('servicios', Array, true)
#8 C:\wamp64\www\dpi_ci4\app\Views\template.php(25): view('servicios')
#9 C:\wamp64\www\dpi_ci4\system\View\View.php(210): include('C:\\wamp64\\www\\d...')
#10 C:\wamp64\www\dpi_ci4\system\View\View.php(213): CodeIgniter\View\View->CodeIgniter\View\{closure}()
#11 C:\wamp64\www\dpi_ci4\system\Common.php(1089): CodeIgniter\View\View->render('template', Array, true)
#12 C:\wamp64\www\dpi_ci4\app\Controllers\Servicios.php(9): view('template', Array)
#13 C:\wamp64\www\dpi_ci4\system\CodeIgniter.php(832): App\Controllers\Servicios->index()
#14 C:\wamp64\www\dpi_ci4\system\CodeIgniter.php(419): CodeIgniter\CodeIgniter->runController(Object(App\Controllers\Servicios))
#15 C:\wamp64\www\dpi_ci4\system\CodeIgniter.php(326): CodeIgniter\CodeIgniter->handleRequest(NULL, Object(Config\Cache), false)
#16 C:\wamp64\www\dpi_ci4\index.php(37): CodeIgniter\CodeIgniter->run()
#17 {main}
CRITICAL - 2022-04-04 22:28:44 --> Cannot redeclare otraFuncion() (previously declared in C:\wamp64\www\dpi_ci4\app\Views\includes\componente_aplicacion.php:37)
#0 [internal function]: CodeIgniter\Debug\Exceptions->shutdownHandler()
#1 {main}
CRITICAL - 2022-04-04 22:29:23 --> Cannot redeclare otraFuncion() (previously declared in C:\wamp64\www\dpi_ci4\app\Views\includes\componente_aplicacion.php:37)
#0 [internal function]: CodeIgniter\Debug\Exceptions->shutdownHandler()
#1 {main}
CRITICAL - 2022-04-04 22:30:23 --> Cannot redeclare otraFuncion() (previously declared in C:\wamp64\www\dpi_ci4\app\Views\includes\componente_aplicacion.php:37)
#0 [internal function]: CodeIgniter\Debug\Exceptions->shutdownHandler()
#1 {main}
CRITICAL - 2022-04-04 22:31:48 --> Cannot redeclare eliminar_espacios() (previously declared in C:\wamp64\www\dpi_ci4\app\Views\includes\componente_aplicacion.php:44)
#0 [internal function]: CodeIgniter\Debug\Exceptions->shutdownHandler()
#1 {main}
CRITICAL - 2022-04-04 22:33:44 --> Cannot redeclare eliminar_espacios() (previously declared in C:\wamp64\www\dpi_ci4\app\Views\includes\componente_aplicacion.php:40)
#0 [internal function]: CodeIgniter\Debug\Exceptions->shutdownHandler()
#1 {main}
CRITICAL - 2022-04-04 22:36:17 --> Cannot redeclare transform_class() (previously declared in C:\wamp64\www\dpi_ci4\app\Views\includes\componente_aplicacion.php:38)
#0 [internal function]: CodeIgniter\Debug\Exceptions->shutdownHandler()
#1 {main}
CRITICAL - 2022-04-04 22:37:17 --> Cannot redeclare transform_class() (previously declared in C:\wamp64\www\dpi_ci4\app\Views\includes\componente_aplicacion.php:38)
#0 [internal function]: CodeIgniter\Debug\Exceptions->shutdownHandler()
#1 {main}
CRITICAL - 2022-04-04 22:38:14 --> Call to undefined function transform_class()
#0 C:\wamp64\www\dpi_ci4\system\View\View.php(210): include()
#1 C:\wamp64\www\dpi_ci4\system\View\View.php(213): CodeIgniter\View\View->CodeIgniter\View\{closure}()
#2 C:\wamp64\www\dpi_ci4\system\Common.php(1089): CodeIgniter\View\View->render('includes/compon...', Array, true)
#3 C:\wamp64\www\dpi_ci4\app\Views\servicios\aplicaciones.php(85): view('includes/compon...', Array)
#4 C:\wamp64\www\dpi_ci4\system\View\View.php(210): include('C:\\wamp64\\www\\d...')
#5 C:\wamp64\www\dpi_ci4\system\View\View.php(213): CodeIgniter\View\View->CodeIgniter\View\{closure}()
#6 C:\wamp64\www\dpi_ci4\system\Common.php(1089): CodeIgniter\View\View->render('servicios/aplic...', Array, true)
#7 C:\wamp64\www\dpi_ci4\app\Views\template.php(25): view('servicios/aplic...')
#8 C:\wamp64\www\dpi_ci4\system\View\View.php(210): include('C:\\wamp64\\www\\d...')
#9 C:\wamp64\www\dpi_ci4\system\View\View.php(213): CodeIgniter\View\View->CodeIgniter\View\{closure}()
#10 C:\wamp64\www\dpi_ci4\system\Common.php(1089): CodeIgniter\View\View->render('template', Array, true)
#11 C:\wamp64\www\dpi_ci4\app\Controllers\Servicios.php(252): view('template', Array)
#12 C:\wamp64\www\dpi_ci4\system\CodeIgniter.php(832): App\Controllers\Servicios->aplicaciones()
#13 C:\wamp64\www\dpi_ci4\system\CodeIgniter.php(419): CodeIgniter\CodeIgniter->runController(Object(App\Controllers\Servicios))
#14 C:\wamp64\www\dpi_ci4\system\CodeIgniter.php(326): CodeIgniter\CodeIgniter->handleRequest(NULL, Object(Config\Cache), false)
#15 C:\wamp64\www\dpi_ci4\index.php(37): CodeIgniter\CodeIgniter->run()
#16 {main}
CRITICAL - 2022-04-04 22:38:40 --> Cannot redeclare transform_class() (previously declared in C:\wamp64\www\dpi_ci4\app\Views\includes\componente_aplicacion.php:38)
#0 [internal function]: CodeIgniter\Debug\Exceptions->shutdownHandler()
#1 {main}
CRITICAL - 2022-04-04 22:39:10 --> Cannot redeclare transform_class() (previously declared in C:\wamp64\www\dpi_ci4\app\Views\includes\componente_aplicacion.php:38)
#0 [internal function]: CodeIgniter\Debug\Exceptions->shutdownHandler()
#1 {main}
CRITICAL - 2022-04-04 22:40:38 --> Cannot redeclare transform_class() (previously declared in C:\wamp64\www\dpi_ci4\app\Views\includes\componente_aplicacion.php:38)
#0 [internal function]: CodeIgniter\Debug\Exceptions->shutdownHandler()
#1 {main}
CRITICAL - 2022-04-04 22:43:22 --> Cannot redeclare eliminar_acentos() (previously declared in C:\wamp64\www\dpi_ci4\app\Views\includes\componente_aplicacion.php:52)
#0 [internal function]: CodeIgniter\Debug\Exceptions->shutdownHandler()
#1 {main}
CRITICAL - 2022-04-04 22:46:24 --> Cannot redeclare eliminar_acentos() (previously declared in C:\wamp64\www\dpi_ci4\app\Views\includes\componente_aplicacion.php:52)
#0 [internal function]: CodeIgniter\Debug\Exceptions->shutdownHandler()
#1 {main}
CRITICAL - 2022-04-04 22:54:03 --> Call to undefined function eliminar_acentos()
#0 C:\wamp64\www\dpi_ci4\system\View\View.php(210): include()
#1 C:\wamp64\www\dpi_ci4\system\View\View.php(213): CodeIgniter\View\View->CodeIgniter\View\{closure}()
#2 C:\wamp64\www\dpi_ci4\system\Common.php(1089): CodeIgniter\View\View->render('includes/compon...', Array, true)
#3 C:\wamp64\www\dpi_ci4\app\Views\servicios\aplicaciones.php(85): view('includes/compon...', Array)
#4 C:\wamp64\www\dpi_ci4\system\View\View.php(210): include('C:\\wamp64\\www\\d...')
#5 C:\wamp64\www\dpi_ci4\system\View\View.php(213): CodeIgniter\View\View->CodeIgniter\View\{closure}()
#6 C:\wamp64\www\dpi_ci4\system\Common.php(1089): CodeIgniter\View\View->render('servicios/aplic...', Array, true)
#7 C:\wamp64\www\dpi_ci4\app\Views\template.php(25): view('servicios/aplic...')
#8 C:\wamp64\www\dpi_ci4\system\View\View.php(210): include('C:\\wamp64\\www\\d...')
#9 C:\wamp64\www\dpi_ci4\system\View\View.php(213): CodeIgniter\View\View->CodeIgniter\View\{closure}()
#10 C:\wamp64\www\dpi_ci4\system\Common.php(1089): CodeIgniter\View\View->render('template', Array, true)
#11 C:\wamp64\www\dpi_ci4\app\Controllers\Servicios.php(252): view('template', Array)
#12 C:\wamp64\www\dpi_ci4\system\CodeIgniter.php(832): App\Controllers\Servicios->aplicaciones()
#13 C:\wamp64\www\dpi_ci4\system\CodeIgniter.php(419): CodeIgniter\CodeIgniter->runController(Object(App\Controllers\Servicios))
#14 C:\wamp64\www\dpi_ci4\system\CodeIgniter.php(326): CodeIgniter\CodeIgniter->handleRequest(NULL, Object(Config\Cache), false)
#15 C:\wamp64\www\dpi_ci4\index.php(37): CodeIgniter\CodeIgniter->run()
#16 {main}
CRITICAL - 2022-04-04 22:54:42 --> Cannot redeclare eliminar_acentos() (previously declared in C:\wamp64\www\dpi_ci4\app\Views\includes\componente_aplicacion.php:52)
#0 [internal function]: CodeIgniter\Debug\Exceptions->shutdownHandler()
#1 {main}
CRITICAL - 2022-04-04 22:56:44 --> Call to undefined function eliminar_acentos()
#0 C:\wamp64\www\dpi_ci4\system\View\View.php(210): include()
#1 C:\wamp64\www\dpi_ci4\system\View\View.php(213): CodeIgniter\View\View->CodeIgniter\View\{closure}()
#2 C:\wamp64\www\dpi_ci4\system\Common.php(1089): CodeIgniter\View\View->render('includes/compon...', Array, true)
#3 C:\wamp64\www\dpi_ci4\app\Views\servicios\aplicaciones.php(85): view('includes/compon...', Array)
#4 C:\wamp64\www\dpi_ci4\system\View\View.php(210): include('C:\\wamp64\\www\\d...')
#5 C:\wamp64\www\dpi_ci4\system\View\View.php(213): CodeIgniter\View\View->CodeIgniter\View\{closure}()
#6 C:\wamp64\www\dpi_ci4\system\Common.php(1089): CodeIgniter\View\View->render('servicios/aplic...', Array, true)
#7 C:\wamp64\www\dpi_ci4\app\Views\template.php(25): view('servicios/aplic...')
#8 C:\wamp64\www\dpi_ci4\system\View\View.php(210): include('C:\\wamp64\\www\\d...')
#9 C:\wamp64\www\dpi_ci4\system\View\View.php(213): CodeIgniter\View\View->CodeIgniter\View\{closure}()
#10 C:\wamp64\www\dpi_ci4\system\Common.php(1089): CodeIgniter\View\View->render('template', Array, true)
#11 C:\wamp64\www\dpi_ci4\app\Controllers\Servicios.php(252): view('template', Array)
#12 C:\wamp64\www\dpi_ci4\system\CodeIgniter.php(832): App\Controllers\Servicios->aplicaciones()
#13 C:\wamp64\www\dpi_ci4\system\CodeIgniter.php(419): CodeIgniter\CodeIgniter->runController(Object(App\Controllers\Servicios))
#14 C:\wamp64\www\dpi_ci4\system\CodeIgniter.php(326): CodeIgniter\CodeIgniter->handleRequest(NULL, Object(Config\Cache), false)
#15 C:\wamp64\www\dpi_ci4\index.php(37): CodeIgniter\CodeIgniter->run()
#16 {main}
CRITICAL - 2022-04-04 22:59:01 --> Cannot redeclare transform_class() (previously declared in C:\wamp64\www\dpi_ci4\app\Views\includes\componente_aplicacion.php:38)
#0 [internal function]: CodeIgniter\Debug\Exceptions->shutdownHandler()
#1 {main}
