CRITICAL - 2022-02-28 16:28:31 --> Call to undefined function baseURL()
#0 C:\wamp64\www\dga_ci4\system\View\View.php(210): include()
#1 C:\wamp64\www\dga_ci4\system\View\View.php(213): CodeIgniter\View\View->CodeIgniter\View\{closure}()
#2 C:\wamp64\www\dga_ci4\system\Common.php(1089): CodeIgniter\View\View->render('home', Array, true)
#3 C:\wamp64\www\dga_ci4\app\Controllers\Home.php(9): view('home')
#4 C:\wamp64\www\dga_ci4\system\CodeIgniter.php(832): App\Controllers\Home->index()
#5 C:\wamp64\www\dga_ci4\system\CodeIgniter.php(419): CodeIgniter\CodeIgniter->runController(Object(App\Controllers\Home))
#6 C:\wamp64\www\dga_ci4\system\CodeIgniter.php(326): CodeIgniter\CodeIgniter->handleRequest(NULL, Object(Config\Cache), false)
#7 C:\wamp64\www\dga_ci4\index.php(37): CodeIgniter\CodeIgniter->run()
#8 {main}
CRITICAL - 2022-02-28 18:13:13 --> Invalid file: a Gobierno Abierto.php
#0 C:\wamp64\www\dga_ci4\system\View\View.php(198): CodeIgniter\Exceptions\FrameworkException::forInvalidFile('a Gobierno Abie...')
#1 C:\wamp64\www\dga_ci4\system\Common.php(1089): CodeIgniter\View\View->render('a Gobierno Abie...', Array, true)
#2 C:\wamp64\www\dga_ci4\app\Views\template.php(24): view('a Gobierno Abie...')
#3 C:\wamp64\www\dga_ci4\system\View\View.php(210): include('C:\\wamp64\\www\\d...')
#4 C:\wamp64\www\dga_ci4\system\View\View.php(213): CodeIgniter\View\View->CodeIgniter\View\{closure}()
#5 C:\wamp64\www\dga_ci4\system\Common.php(1089): CodeIgniter\View\View->render('template', Array, true)
#6 C:\wamp64\www\dga_ci4\app\Controllers\Home.php(10): view('template', Array)
#7 C:\wamp64\www\dga_ci4\system\CodeIgniter.php(832): App\Controllers\Home->index()
#8 C:\wamp64\www\dga_ci4\system\CodeIgniter.php(419): CodeIgniter\CodeIgniter->runController(Object(App\Controllers\Home))
#9 C:\wamp64\www\dga_ci4\system\CodeIgniter.php(326): CodeIgniter\CodeIgniter->handleRequest(NULL, Object(Config\Cache), false)
#10 C:\wamp64\www\dga_ci4\index.php(37): CodeIgniter\CodeIgniter->run()
#11 {main}
CRITICAL - 2022-02-28 18:13:19 --> Invalid file: a Gobierno Abierto.php
#0 C:\wamp64\www\dga_ci4\system\View\View.php(198): CodeIgniter\Exceptions\FrameworkException::forInvalidFile('a Gobierno Abie...')
#1 C:\wamp64\www\dga_ci4\system\Common.php(1089): CodeIgniter\View\View->render('a Gobierno Abie...', Array, true)
#2 C:\wamp64\www\dga_ci4\app\Views\template.php(24): view('a Gobierno Abie...')
#3 C:\wamp64\www\dga_ci4\system\View\View.php(210): include('C:\\wamp64\\www\\d...')
#4 C:\wamp64\www\dga_ci4\system\View\View.php(213): CodeIgniter\View\View->CodeIgniter\View\{closure}()
#5 C:\wamp64\www\dga_ci4\system\Common.php(1089): CodeIgniter\View\View->render('template', Array, true)
#6 C:\wamp64\www\dga_ci4\app\Controllers\Home.php(10): view('template', Array)
#7 C:\wamp64\www\dga_ci4\system\CodeIgniter.php(832): App\Controllers\Home->index()
#8 C:\wamp64\www\dga_ci4\system\CodeIgniter.php(419): CodeIgniter\CodeIgniter->runController(Object(App\Controllers\Home))
#9 C:\wamp64\www\dga_ci4\system\CodeIgniter.php(326): CodeIgniter\CodeIgniter->handleRequest(NULL, Object(Config\Cache), false)
#10 C:\wamp64\www\dga_ci4\index.php(37): CodeIgniter\CodeIgniter->run()
#11 {main}
CRITICAL - 2022-02-28 18:32:36 --> Undefined property: App\Controllers\Home::$load
#0 C:\wamp64\www\dga_ci4\app\Controllers\Home.php(10): CodeIgniter\Debug\Exceptions->errorHandler(8, 'Undefined prope...', 'C:\\wamp64\\www\\d...', 10, Array)
#1 C:\wamp64\www\dga_ci4\system\CodeIgniter.php(832): App\Controllers\Home->index()
#2 C:\wamp64\www\dga_ci4\system\CodeIgniter.php(419): CodeIgniter\CodeIgniter->runController(Object(App\Controllers\Home))
#3 C:\wamp64\www\dga_ci4\system\CodeIgniter.php(326): CodeIgniter\CodeIgniter->handleRequest(NULL, Object(Config\Cache), false)
#4 C:\wamp64\www\dga_ci4\index.php(37): CodeIgniter\CodeIgniter->run()
#5 {main}
CRITICAL - 2022-02-28 18:41:20 --> Invalid file: nosotros.php
#0 C:\wamp64\www\dga_ci4\system\View\View.php(198): CodeIgniter\Exceptions\FrameworkException::forInvalidFile('nosotros.php')
#1 C:\wamp64\www\dga_ci4\system\Common.php(1089): CodeIgniter\View\View->render('nosotros', Array, true)
#2 C:\wamp64\www\dga_ci4\app\Views\includes\hero.php(21): view('nosotros')
#3 C:\wamp64\www\dga_ci4\system\View\View.php(210): include('C:\\wamp64\\www\\d...')
#4 C:\wamp64\www\dga_ci4\system\View\View.php(213): CodeIgniter\View\View->CodeIgniter\View\{closure}()
#5 C:\wamp64\www\dga_ci4\system\Common.php(1089): CodeIgniter\View\View->render('includes/hero', Array, true)
#6 C:\wamp64\www\dga_ci4\app\Views\home.php(4): view('includes/hero')
#7 C:\wamp64\www\dga_ci4\system\View\View.php(210): include('C:\\wamp64\\www\\d...')
#8 C:\wamp64\www\dga_ci4\system\View\View.php(213): CodeIgniter\View\View->CodeIgniter\View\{closure}()
#9 C:\wamp64\www\dga_ci4\system\Common.php(1089): CodeIgniter\View\View->render('home', Array, true)
#10 C:\wamp64\www\dga_ci4\app\Views\template.php(23): view('home')
#11 C:\wamp64\www\dga_ci4\system\View\View.php(210): include('C:\\wamp64\\www\\d...')
#12 C:\wamp64\www\dga_ci4\system\View\View.php(213): CodeIgniter\View\View->CodeIgniter\View\{closure}()
#13 C:\wamp64\www\dga_ci4\system\Common.php(1089): CodeIgniter\View\View->render('template', Array, true)
#14 C:\wamp64\www\dga_ci4\app\Controllers\Home.php(10): view('template', Array)
#15 C:\wamp64\www\dga_ci4\system\CodeIgniter.php(832): App\Controllers\Home->index()
#16 C:\wamp64\www\dga_ci4\system\CodeIgniter.php(419): CodeIgniter\CodeIgniter->runController(Object(App\Controllers\Home))
#17 C:\wamp64\www\dga_ci4\system\CodeIgniter.php(326): CodeIgniter\CodeIgniter->handleRequest(NULL, Object(Config\Cache), false)
#18 C:\wamp64\www\dga_ci4\index.php(37): CodeIgniter\CodeIgniter->run()
#19 {main}
CRITICAL - 2022-02-28 18:41:51 --> Invalid file: nosotrosPage/nosotros.php
#0 C:\wamp64\www\dga_ci4\system\View\View.php(198): CodeIgniter\Exceptions\FrameworkException::forInvalidFile('nosotrosPage/no...')
#1 C:\wamp64\www\dga_ci4\system\Common.php(1089): CodeIgniter\View\View->render('nosotrosPage/no...', Array, true)
#2 C:\wamp64\www\dga_ci4\app\Views\includes\hero.php(21): view('nosotrosPage/no...')
#3 C:\wamp64\www\dga_ci4\system\View\View.php(210): include('C:\\wamp64\\www\\d...')
#4 C:\wamp64\www\dga_ci4\system\View\View.php(213): CodeIgniter\View\View->CodeIgniter\View\{closure}()
#5 C:\wamp64\www\dga_ci4\system\Common.php(1089): CodeIgniter\View\View->render('includes/hero', Array, true)
#6 C:\wamp64\www\dga_ci4\app\Views\home.php(4): view('includes/hero')
#7 C:\wamp64\www\dga_ci4\system\View\View.php(210): include('C:\\wamp64\\www\\d...')
#8 C:\wamp64\www\dga_ci4\system\View\View.php(213): CodeIgniter\View\View->CodeIgniter\View\{closure}()
#9 C:\wamp64\www\dga_ci4\system\Common.php(1089): CodeIgniter\View\View->render('home', Array, true)
#10 C:\wamp64\www\dga_ci4\app\Views\template.php(23): view('home')
#11 C:\wamp64\www\dga_ci4\system\View\View.php(210): include('C:\\wamp64\\www\\d...')
#12 C:\wamp64\www\dga_ci4\system\View\View.php(213): CodeIgniter\View\View->CodeIgniter\View\{closure}()
#13 C:\wamp64\www\dga_ci4\system\Common.php(1089): CodeIgniter\View\View->render('template', Array, true)
#14 C:\wamp64\www\dga_ci4\app\Controllers\Home.php(10): view('template', Array)
#15 C:\wamp64\www\dga_ci4\system\CodeIgniter.php(832): App\Controllers\Home->index()
#16 C:\wamp64\www\dga_ci4\system\CodeIgniter.php(419): CodeIgniter\CodeIgniter->runController(Object(App\Controllers\Home))
#17 C:\wamp64\www\dga_ci4\system\CodeIgniter.php(326): CodeIgniter\CodeIgniter->handleRequest(NULL, Object(Config\Cache), false)
#18 C:\wamp64\www\dga_ci4\index.php(37): CodeIgniter\CodeIgniter->run()
#19 {main}
CRITICAL - 2022-02-28 18:51:20 --> Invalid file: nosotrosPage/nosotros.php
#0 C:\wamp64\www\dga_ci4\system\View\View.php(198): CodeIgniter\Exceptions\FrameworkException::forInvalidFile('nosotrosPage/no...')
#1 C:\wamp64\www\dga_ci4\system\Common.php(1089): CodeIgniter\View\View->render('nosotrosPage/no...', Array, true)
#2 C:\wamp64\www\dga_ci4\app\Views\includes\hero.php(21): view('nosotrosPage/no...')
#3 C:\wamp64\www\dga_ci4\system\View\View.php(210): include('C:\\wamp64\\www\\d...')
#4 C:\wamp64\www\dga_ci4\system\View\View.php(213): CodeIgniter\View\View->CodeIgniter\View\{closure}()
#5 C:\wamp64\www\dga_ci4\system\Common.php(1089): CodeIgniter\View\View->render('includes/hero', Array, true)
#6 C:\wamp64\www\dga_ci4\app\Views\home.php(4): view('includes/hero')
#7 C:\wamp64\www\dga_ci4\system\View\View.php(210): include('C:\\wamp64\\www\\d...')
#8 C:\wamp64\www\dga_ci4\system\View\View.php(213): CodeIgniter\View\View->CodeIgniter\View\{closure}()
#9 C:\wamp64\www\dga_ci4\system\Common.php(1089): CodeIgniter\View\View->render('home', Array, true)
#10 C:\wamp64\www\dga_ci4\app\Views\template.php(23): view('home')
#11 C:\wamp64\www\dga_ci4\system\View\View.php(210): include('C:\\wamp64\\www\\d...')
#12 C:\wamp64\www\dga_ci4\system\View\View.php(213): CodeIgniter\View\View->CodeIgniter\View\{closure}()
#13 C:\wamp64\www\dga_ci4\system\Common.php(1089): CodeIgniter\View\View->render('template', Array, true)
#14 C:\wamp64\www\dga_ci4\app\Controllers\Home.php(10): view('template', Array)
#15 C:\wamp64\www\dga_ci4\system\CodeIgniter.php(832): App\Controllers\Home->index()
#16 C:\wamp64\www\dga_ci4\system\CodeIgniter.php(419): CodeIgniter\CodeIgniter->runController(Object(App\Controllers\Home))
#17 C:\wamp64\www\dga_ci4\system\CodeIgniter.php(326): CodeIgniter\CodeIgniter->handleRequest(NULL, Object(Config\Cache), false)
#18 C:\wamp64\www\dga_ci4\index.php(37): CodeIgniter\CodeIgniter->run()
#19 {main}
CRITICAL - 2022-02-28 18:52:16 --> Invalid file: nosotrosPage.php
#0 C:\wamp64\www\dga_ci4\system\View\View.php(198): CodeIgniter\Exceptions\FrameworkException::forInvalidFile('nosotrosPage.ph...')
#1 C:\wamp64\www\dga_ci4\system\Common.php(1089): CodeIgniter\View\View->render('nosotrosPage', Array, true)
#2 C:\wamp64\www\dga_ci4\app\Views\template.php(23): view('nosotrosPage')
#3 C:\wamp64\www\dga_ci4\system\View\View.php(210): include('C:\\wamp64\\www\\d...')
#4 C:\wamp64\www\dga_ci4\system\View\View.php(213): CodeIgniter\View\View->CodeIgniter\View\{closure}()
#5 C:\wamp64\www\dga_ci4\system\Common.php(1089): CodeIgniter\View\View->render('template', Array, true)
#6 C:\wamp64\www\dga_ci4\app\Controllers\Nosotros.php(10): view('template', Array)
#7 C:\wamp64\www\dga_ci4\system\CodeIgniter.php(832): App\Controllers\Nosotros->index()
#8 C:\wamp64\www\dga_ci4\system\CodeIgniter.php(419): CodeIgniter\CodeIgniter->runController(Object(App\Controllers\Nosotros))
#9 C:\wamp64\www\dga_ci4\system\CodeIgniter.php(326): CodeIgniter\CodeIgniter->handleRequest(NULL, Object(Config\Cache), false)
#10 C:\wamp64\www\dga_ci4\index.php(37): CodeIgniter\CodeIgniter->run()
#11 {main}
CRITICAL - 2022-02-28 21:10:15 --> Undefined variable: menu_activo
#0 C:\wamp64\www\dga_ci4\app\Views\includes\hero.php(19): CodeIgniter\Debug\Exceptions->errorHandler(8, 'Undefined varia...', 'C:\\wamp64\\www\\d...', 19, Array)
#1 C:\wamp64\www\dga_ci4\system\View\View.php(210): include('C:\\wamp64\\www\\d...')
#2 C:\wamp64\www\dga_ci4\system\View\View.php(213): CodeIgniter\View\View->CodeIgniter\View\{closure}()
#3 C:\wamp64\www\dga_ci4\system\Common.php(1089): CodeIgniter\View\View->render('includes/hero', Array, true)
#4 C:\wamp64\www\dga_ci4\app\Views\home.php(5): view('includes/hero', Array)
#5 C:\wamp64\www\dga_ci4\system\View\View.php(210): include('C:\\wamp64\\www\\d...')
#6 C:\wamp64\www\dga_ci4\system\View\View.php(213): CodeIgniter\View\View->CodeIgniter\View\{closure}()
#7 C:\wamp64\www\dga_ci4\system\Common.php(1089): CodeIgniter\View\View->render('home', Array, true)
#8 C:\wamp64\www\dga_ci4\app\Views\template.php(23): view('home')
#9 C:\wamp64\www\dga_ci4\system\View\View.php(210): include('C:\\wamp64\\www\\d...')
#10 C:\wamp64\www\dga_ci4\system\View\View.php(213): CodeIgniter\View\View->CodeIgniter\View\{closure}()
#11 C:\wamp64\www\dga_ci4\system\Common.php(1089): CodeIgniter\View\View->render('template', Array, true)
#12 C:\wamp64\www\dga_ci4\app\Controllers\Home.php(9): view('template', Array)
#13 C:\wamp64\www\dga_ci4\system\CodeIgniter.php(832): App\Controllers\Home->index()
#14 C:\wamp64\www\dga_ci4\system\CodeIgniter.php(419): CodeIgniter\CodeIgniter->runController(Object(App\Controllers\Home))
#15 C:\wamp64\www\dga_ci4\system\CodeIgniter.php(326): CodeIgniter\CodeIgniter->handleRequest(NULL, Object(Config\Cache), false)
#16 C:\wamp64\www\dga_ci4\index.php(37): CodeIgniter\CodeIgniter->run()
#17 {main}
CRITICAL - 2022-02-28 22:18:51 --> Argument 2 passed to view() must be of the type array, string given, called in C:\wamp64\www\dga_ci4\app\Views\nosotros.php on line 5
#0 C:\wamp64\www\dga_ci4\app\Views\nosotros.php(5): view('includes/hero', 'nosotros')
#1 C:\wamp64\www\dga_ci4\system\View\View.php(210): include('C:\\wamp64\\www\\d...')
#2 C:\wamp64\www\dga_ci4\system\View\View.php(213): CodeIgniter\View\View->CodeIgniter\View\{closure}()
#3 C:\wamp64\www\dga_ci4\system\Common.php(1089): CodeIgniter\View\View->render('nosotros', Array, true)
#4 C:\wamp64\www\dga_ci4\app\Views\template.php(23): view('nosotros')
#5 C:\wamp64\www\dga_ci4\system\View\View.php(210): include('C:\\wamp64\\www\\d...')
#6 C:\wamp64\www\dga_ci4\system\View\View.php(213): CodeIgniter\View\View->CodeIgniter\View\{closure}()
#7 C:\wamp64\www\dga_ci4\system\Common.php(1089): CodeIgniter\View\View->render('template', Array, true)
#8 C:\wamp64\www\dga_ci4\app\Controllers\Nosotros.php(9): view('template', Array)
#9 C:\wamp64\www\dga_ci4\system\CodeIgniter.php(832): App\Controllers\Nosotros->index()
#10 C:\wamp64\www\dga_ci4\system\CodeIgniter.php(419): CodeIgniter\CodeIgniter->runController(Object(App\Controllers\Nosotros))
#11 C:\wamp64\www\dga_ci4\system\CodeIgniter.php(326): CodeIgniter\CodeIgniter->handleRequest(NULL, Object(Config\Cache), false)
#12 C:\wamp64\www\dga_ci4\index.php(37): CodeIgniter\CodeIgniter->run()
#13 {main}
