CRITICAL - 2022-03-19 16:06:27 --> Undefined variable: pilar_activo
#0 C:\wamp64\www\dpi_ci4\app\Views\includes\pilares.php(4): CodeIgniter\Debug\Exceptions->errorHandler(8, 'Undefined varia...', 'C:\\wamp64\\www\\d...', 4, Array)
#1 C:\wamp64\www\dpi_ci4\system\View\View.php(210): include('C:\\wamp64\\www\\d...')
#2 C:\wamp64\www\dpi_ci4\system\View\View.php(213): CodeIgniter\View\View->CodeIgniter\View\{closure}()
#3 C:\wamp64\www\dpi_ci4\system\Common.php(1089): CodeIgniter\View\View->render('includes/pilare...', Array, true)
#4 C:\wamp64\www\dpi_ci4\app\Views\institucional.php(7): view('includes/pilare...')
#5 C:\wamp64\www\dpi_ci4\system\View\View.php(210): include('C:\\wamp64\\www\\d...')
#6 C:\wamp64\www\dpi_ci4\system\View\View.php(213): CodeIgniter\View\View->CodeIgniter\View\{closure}()
#7 C:\wamp64\www\dpi_ci4\system\Common.php(1089): CodeIgniter\View\View->render('institucional', Array, true)
#8 C:\wamp64\www\dpi_ci4\app\Views\template.php(25): view('institucional')
#9 C:\wamp64\www\dpi_ci4\system\View\View.php(210): include('C:\\wamp64\\www\\d...')
#10 C:\wamp64\www\dpi_ci4\system\View\View.php(213): CodeIgniter\View\View->CodeIgniter\View\{closure}()
#11 C:\wamp64\www\dpi_ci4\system\Common.php(1089): CodeIgniter\View\View->render('template', Array, true)
#12 C:\wamp64\www\dpi_ci4\app\Controllers\Institucional.php(9): view('template', Array)
#13 C:\wamp64\www\dpi_ci4\system\CodeIgniter.php(832): App\Controllers\Institucional->index()
#14 C:\wamp64\www\dpi_ci4\system\CodeIgniter.php(419): CodeIgniter\CodeIgniter->runController(Object(App\Controllers\Institucional))
#15 C:\wamp64\www\dpi_ci4\system\CodeIgniter.php(326): CodeIgniter\CodeIgniter->handleRequest(NULL, Object(Config\Cache), false)
#16 C:\wamp64\www\dpi_ci4\index.php(37): CodeIgniter\CodeIgniter->run()
#17 {main}
CRITICAL - 2022-03-19 16:07:14 --> Undefined variable: pilar_activo
#0 C:\wamp64\www\dpi_ci4\app\Views\includes\pilares.php(4): CodeIgniter\Debug\Exceptions->errorHandler(8, 'Undefined varia...', 'C:\\wamp64\\www\\d...', 4, Array)
#1 C:\wamp64\www\dpi_ci4\system\View\View.php(210): include('C:\\wamp64\\www\\d...')
#2 C:\wamp64\www\dpi_ci4\system\View\View.php(213): CodeIgniter\View\View->CodeIgniter\View\{closure}()
#3 C:\wamp64\www\dpi_ci4\system\Common.php(1089): CodeIgniter\View\View->render('includes/pilare...', Array, true)
#4 C:\wamp64\www\dpi_ci4\app\Views\institucional.php(8): view('includes/pilare...')
#5 C:\wamp64\www\dpi_ci4\system\View\View.php(210): include('C:\\wamp64\\www\\d...')
#6 C:\wamp64\www\dpi_ci4\system\View\View.php(213): CodeIgniter\View\View->CodeIgniter\View\{closure}()
#7 C:\wamp64\www\dpi_ci4\system\Common.php(1089): CodeIgniter\View\View->render('institucional', Array, true)
#8 C:\wamp64\www\dpi_ci4\app\Views\template.php(25): view('institucional')
#9 C:\wamp64\www\dpi_ci4\system\View\View.php(210): include('C:\\wamp64\\www\\d...')
#10 C:\wamp64\www\dpi_ci4\system\View\View.php(213): CodeIgniter\View\View->CodeIgniter\View\{closure}()
#11 C:\wamp64\www\dpi_ci4\system\Common.php(1089): CodeIgniter\View\View->render('template', Array, true)
#12 C:\wamp64\www\dpi_ci4\app\Controllers\Institucional.php(9): view('template', Array)
#13 C:\wamp64\www\dpi_ci4\system\CodeIgniter.php(832): App\Controllers\Institucional->index()
#14 C:\wamp64\www\dpi_ci4\system\CodeIgniter.php(419): CodeIgniter\CodeIgniter->runController(Object(App\Controllers\Institucional))
#15 C:\wamp64\www\dpi_ci4\system\CodeIgniter.php(326): CodeIgniter\CodeIgniter->handleRequest(NULL, Object(Config\Cache), false)
#16 C:\wamp64\www\dpi_ci4\index.php(37): CodeIgniter\CodeIgniter->run()
#17 {main}
CRITICAL - 2022-03-19 16:07:38 --> Undefined variable: pilar_activo
#0 C:\wamp64\www\dpi_ci4\app\Views\includes\pilares.php(4): CodeIgniter\Debug\Exceptions->errorHandler(8, 'Undefined varia...', 'C:\\wamp64\\www\\d...', 4, Array)
#1 C:\wamp64\www\dpi_ci4\system\View\View.php(210): include('C:\\wamp64\\www\\d...')
#2 C:\wamp64\www\dpi_ci4\system\View\View.php(213): CodeIgniter\View\View->CodeIgniter\View\{closure}()
#3 C:\wamp64\www\dpi_ci4\system\Common.php(1089): CodeIgniter\View\View->render('includes/pilare...', Array, true)
#4 C:\wamp64\www\dpi_ci4\app\Views\institucional.php(8): view('includes/pilare...')
#5 C:\wamp64\www\dpi_ci4\system\View\View.php(210): include('C:\\wamp64\\www\\d...')
#6 C:\wamp64\www\dpi_ci4\system\View\View.php(213): CodeIgniter\View\View->CodeIgniter\View\{closure}()
#7 C:\wamp64\www\dpi_ci4\system\Common.php(1089): CodeIgniter\View\View->render('institucional', Array, true)
#8 C:\wamp64\www\dpi_ci4\app\Views\template.php(25): view('institucional')
#9 C:\wamp64\www\dpi_ci4\system\View\View.php(210): include('C:\\wamp64\\www\\d...')
#10 C:\wamp64\www\dpi_ci4\system\View\View.php(213): CodeIgniter\View\View->CodeIgniter\View\{closure}()
#11 C:\wamp64\www\dpi_ci4\system\Common.php(1089): CodeIgniter\View\View->render('template', Array, true)
#12 C:\wamp64\www\dpi_ci4\app\Controllers\Institucional.php(9): view('template', Array)
#13 C:\wamp64\www\dpi_ci4\system\CodeIgniter.php(832): App\Controllers\Institucional->index()
#14 C:\wamp64\www\dpi_ci4\system\CodeIgniter.php(419): CodeIgniter\CodeIgniter->runController(Object(App\Controllers\Institucional))
#15 C:\wamp64\www\dpi_ci4\system\CodeIgniter.php(326): CodeIgniter\CodeIgniter->handleRequest(NULL, Object(Config\Cache), false)
#16 C:\wamp64\www\dpi_ci4\index.php(37): CodeIgniter\CodeIgniter->run()
#17 {main}
CRITICAL - 2022-03-19 16:08:10 --> Undefined variable: pilar_activo
#0 C:\wamp64\www\dpi_ci4\app\Views\includes\pilares.php(4): CodeIgniter\Debug\Exceptions->errorHandler(8, 'Undefined varia...', 'C:\\wamp64\\www\\d...', 4, Array)
#1 C:\wamp64\www\dpi_ci4\system\View\View.php(210): include('C:\\wamp64\\www\\d...')
#2 C:\wamp64\www\dpi_ci4\system\View\View.php(213): CodeIgniter\View\View->CodeIgniter\View\{closure}()
#3 C:\wamp64\www\dpi_ci4\system\Common.php(1089): CodeIgniter\View\View->render('includes/pilare...', Array, true)
#4 C:\wamp64\www\dpi_ci4\app\Views\institucional.php(8): view('includes/pilare...')
#5 C:\wamp64\www\dpi_ci4\system\View\View.php(210): include('C:\\wamp64\\www\\d...')
#6 C:\wamp64\www\dpi_ci4\system\View\View.php(213): CodeIgniter\View\View->CodeIgniter\View\{closure}()
#7 C:\wamp64\www\dpi_ci4\system\Common.php(1089): CodeIgniter\View\View->render('institucional', Array, true)
#8 C:\wamp64\www\dpi_ci4\app\Views\template.php(25): view('institucional')
#9 C:\wamp64\www\dpi_ci4\system\View\View.php(210): include('C:\\wamp64\\www\\d...')
#10 C:\wamp64\www\dpi_ci4\system\View\View.php(213): CodeIgniter\View\View->CodeIgniter\View\{closure}()
#11 C:\wamp64\www\dpi_ci4\system\Common.php(1089): CodeIgniter\View\View->render('template', Array, true)
#12 C:\wamp64\www\dpi_ci4\app\Controllers\Institucional.php(9): view('template', Array)
#13 C:\wamp64\www\dpi_ci4\system\CodeIgniter.php(832): App\Controllers\Institucional->index()
#14 C:\wamp64\www\dpi_ci4\system\CodeIgniter.php(419): CodeIgniter\CodeIgniter->runController(Object(App\Controllers\Institucional))
#15 C:\wamp64\www\dpi_ci4\system\CodeIgniter.php(326): CodeIgniter\CodeIgniter->handleRequest(NULL, Object(Config\Cache), false)
#16 C:\wamp64\www\dpi_ci4\index.php(37): CodeIgniter\CodeIgniter->run()
#17 {main}
CRITICAL - 2022-03-19 16:08:43 --> Array to string conversion
#0 C:\wamp64\www\dpi_ci4\app\Views\institucional.php(8): CodeIgniter\Debug\Exceptions->errorHandler(8, 'Array to string...', 'C:\\wamp64\\www\\d...', 8, Array)
#1 C:\wamp64\www\dpi_ci4\system\View\View.php(210): include('C:\\wamp64\\www\\d...')
#2 C:\wamp64\www\dpi_ci4\system\View\View.php(213): CodeIgniter\View\View->CodeIgniter\View\{closure}()
#3 C:\wamp64\www\dpi_ci4\system\Common.php(1089): CodeIgniter\View\View->render('institucional', Array, true)
#4 C:\wamp64\www\dpi_ci4\app\Views\template.php(25): view('institucional')
#5 C:\wamp64\www\dpi_ci4\system\View\View.php(210): include('C:\\wamp64\\www\\d...')
#6 C:\wamp64\www\dpi_ci4\system\View\View.php(213): CodeIgniter\View\View->CodeIgniter\View\{closure}()
#7 C:\wamp64\www\dpi_ci4\system\Common.php(1089): CodeIgniter\View\View->render('template', Array, true)
#8 C:\wamp64\www\dpi_ci4\app\Controllers\Institucional.php(9): view('template', Array)
#9 C:\wamp64\www\dpi_ci4\system\CodeIgniter.php(832): App\Controllers\Institucional->index()
#10 C:\wamp64\www\dpi_ci4\system\CodeIgniter.php(419): CodeIgniter\CodeIgniter->runController(Object(App\Controllers\Institucional))
#11 C:\wamp64\www\dpi_ci4\system\CodeIgniter.php(326): CodeIgniter\CodeIgniter->handleRequest(NULL, Object(Config\Cache), false)
#12 C:\wamp64\www\dpi_ci4\index.php(37): CodeIgniter\CodeIgniter->run()
#13 {main}
CRITICAL - 2022-03-19 16:08:46 --> Array to string conversion
#0 C:\wamp64\www\dpi_ci4\app\Views\institucional.php(8): CodeIgniter\Debug\Exceptions->errorHandler(8, 'Array to string...', 'C:\\wamp64\\www\\d...', 8, Array)
#1 C:\wamp64\www\dpi_ci4\system\View\View.php(210): include('C:\\wamp64\\www\\d...')
#2 C:\wamp64\www\dpi_ci4\system\View\View.php(213): CodeIgniter\View\View->CodeIgniter\View\{closure}()
#3 C:\wamp64\www\dpi_ci4\system\Common.php(1089): CodeIgniter\View\View->render('institucional', Array, true)
#4 C:\wamp64\www\dpi_ci4\app\Views\template.php(25): view('institucional')
#5 C:\wamp64\www\dpi_ci4\system\View\View.php(210): include('C:\\wamp64\\www\\d...')
#6 C:\wamp64\www\dpi_ci4\system\View\View.php(213): CodeIgniter\View\View->CodeIgniter\View\{closure}()
#7 C:\wamp64\www\dpi_ci4\system\Common.php(1089): CodeIgniter\View\View->render('template', Array, true)
#8 C:\wamp64\www\dpi_ci4\app\Controllers\Institucional.php(9): view('template', Array)
#9 C:\wamp64\www\dpi_ci4\system\CodeIgniter.php(832): App\Controllers\Institucional->index()
#10 C:\wamp64\www\dpi_ci4\system\CodeIgniter.php(419): CodeIgniter\CodeIgniter->runController(Object(App\Controllers\Institucional))
#11 C:\wamp64\www\dpi_ci4\system\CodeIgniter.php(326): CodeIgniter\CodeIgniter->handleRequest(NULL, Object(Config\Cache), false)
#12 C:\wamp64\www\dpi_ci4\index.php(37): CodeIgniter\CodeIgniter->run()
#13 {main}
CRITICAL - 2022-03-19 17:56:30 --> Invalid file: hola.php
#0 C:\wamp64\www\dpi_ci4\system\View\View.php(198): CodeIgniter\Exceptions\FrameworkException::forInvalidFile('hola.php')
#1 C:\wamp64\www\dpi_ci4\system\Common.php(1089): CodeIgniter\View\View->render('hola', Array, true)
#2 C:\wamp64\www\dpi_ci4\app\Views\template.php(25): view('hola')
#3 C:\wamp64\www\dpi_ci4\system\View\View.php(210): include('C:\\wamp64\\www\\d...')
#4 C:\wamp64\www\dpi_ci4\system\View\View.php(213): CodeIgniter\View\View->CodeIgniter\View\{closure}()
#5 C:\wamp64\www\dpi_ci4\system\Common.php(1089): CodeIgniter\View\View->render('template', Array, true)
#6 C:\wamp64\www\dpi_ci4\app\Controllers\Departamentos.php(24): view('template', Array)
#7 C:\wamp64\www\dpi_ci4\system\CodeIgniter.php(832): App\Controllers\Departamentos->soporte()
#8 C:\wamp64\www\dpi_ci4\system\CodeIgniter.php(419): CodeIgniter\CodeIgniter->runController(Object(App\Controllers\Departamentos))
#9 C:\wamp64\www\dpi_ci4\system\CodeIgniter.php(326): CodeIgniter\CodeIgniter->handleRequest(NULL, Object(Config\Cache), false)
#10 C:\wamp64\www\dpi_ci4\index.php(37): CodeIgniter\CodeIgniter->run()
#11 {main}
CRITICAL - 2022-03-19 17:56:33 --> Invalid file: hola.php
#0 C:\wamp64\www\dpi_ci4\system\View\View.php(198): CodeIgniter\Exceptions\FrameworkException::forInvalidFile('hola.php')
#1 C:\wamp64\www\dpi_ci4\system\Common.php(1089): CodeIgniter\View\View->render('hola', Array, true)
#2 C:\wamp64\www\dpi_ci4\app\Views\template.php(25): view('hola')
#3 C:\wamp64\www\dpi_ci4\system\View\View.php(210): include('C:\\wamp64\\www\\d...')
#4 C:\wamp64\www\dpi_ci4\system\View\View.php(213): CodeIgniter\View\View->CodeIgniter\View\{closure}()
#5 C:\wamp64\www\dpi_ci4\system\Common.php(1089): CodeIgniter\View\View->render('template', Array, true)
#6 C:\wamp64\www\dpi_ci4\app\Controllers\Departamentos.php(24): view('template', Array)
#7 C:\wamp64\www\dpi_ci4\system\CodeIgniter.php(832): App\Controllers\Departamentos->soporte()
#8 C:\wamp64\www\dpi_ci4\system\CodeIgniter.php(419): CodeIgniter\CodeIgniter->runController(Object(App\Controllers\Departamentos))
#9 C:\wamp64\www\dpi_ci4\system\CodeIgniter.php(326): CodeIgniter\CodeIgniter->handleRequest(NULL, Object(Config\Cache), false)
#10 C:\wamp64\www\dpi_ci4\index.php(37): CodeIgniter\CodeIgniter->run()
#11 {main}
CRITICAL - 2022-03-19 18:07:29 --> Undefined variable: pilar_activo
#0 C:\wamp64\www\dpi_ci4\app\Views\includes\pilares.php(4): CodeIgniter\Debug\Exceptions->errorHandler(8, 'Undefined varia...', 'C:\\wamp64\\www\\d...', 4, Array)
#1 C:\wamp64\www\dpi_ci4\system\View\View.php(210): include('C:\\wamp64\\www\\d...')
#2 C:\wamp64\www\dpi_ci4\system\View\View.php(213): CodeIgniter\View\View->CodeIgniter\View\{closure}()
#3 C:\wamp64\www\dpi_ci4\system\Common.php(1089): CodeIgniter\View\View->render('includes/pilare...', Array, true)
#4 C:\wamp64\www\dpi_ci4\app\Views\servicios.php(7): view('includes/pilare...')
#5 C:\wamp64\www\dpi_ci4\system\View\View.php(210): include('C:\\wamp64\\www\\d...')
#6 C:\wamp64\www\dpi_ci4\system\View\View.php(213): CodeIgniter\View\View->CodeIgniter\View\{closure}()
#7 C:\wamp64\www\dpi_ci4\system\Common.php(1089): CodeIgniter\View\View->render('servicios', Array, true)
#8 C:\wamp64\www\dpi_ci4\app\Views\template.php(25): view('servicios')
#9 C:\wamp64\www\dpi_ci4\system\View\View.php(210): include('C:\\wamp64\\www\\d...')
#10 C:\wamp64\www\dpi_ci4\system\View\View.php(213): CodeIgniter\View\View->CodeIgniter\View\{closure}()
#11 C:\wamp64\www\dpi_ci4\system\Common.php(1089): CodeIgniter\View\View->render('template', Array, true)
#12 C:\wamp64\www\dpi_ci4\app\Controllers\Servicios.php(9): view('template', Array)
#13 C:\wamp64\www\dpi_ci4\system\CodeIgniter.php(832): App\Controllers\Servicios->index()
#14 C:\wamp64\www\dpi_ci4\system\CodeIgniter.php(419): CodeIgniter\CodeIgniter->runController(Object(App\Controllers\Servicios))
#15 C:\wamp64\www\dpi_ci4\system\CodeIgniter.php(326): CodeIgniter\CodeIgniter->handleRequest(NULL, Object(Config\Cache), false)
#16 C:\wamp64\www\dpi_ci4\index.php(37): CodeIgniter\CodeIgniter->run()
#17 {main}
CRITICAL - 2022-03-19 18:08:07 --> Undefined variable: pilar_activo
#0 C:\wamp64\www\dpi_ci4\app\Views\includes\pilares.php(4): CodeIgniter\Debug\Exceptions->errorHandler(8, 'Undefined varia...', 'C:\\wamp64\\www\\d...', 4, Array)
#1 C:\wamp64\www\dpi_ci4\system\View\View.php(210): include('C:\\wamp64\\www\\d...')
#2 C:\wamp64\www\dpi_ci4\system\View\View.php(213): CodeIgniter\View\View->CodeIgniter\View\{closure}()
#3 C:\wamp64\www\dpi_ci4\system\Common.php(1089): CodeIgniter\View\View->render('includes/pilare...', Array, true)
#4 C:\wamp64\www\dpi_ci4\app\Views\servicios.php(8): view('includes/pilare...')
#5 C:\wamp64\www\dpi_ci4\system\View\View.php(210): include('C:\\wamp64\\www\\d...')
#6 C:\wamp64\www\dpi_ci4\system\View\View.php(213): CodeIgniter\View\View->CodeIgniter\View\{closure}()
#7 C:\wamp64\www\dpi_ci4\system\Common.php(1089): CodeIgniter\View\View->render('servicios', Array, true)
#8 C:\wamp64\www\dpi_ci4\app\Views\template.php(25): view('servicios')
#9 C:\wamp64\www\dpi_ci4\system\View\View.php(210): include('C:\\wamp64\\www\\d...')
#10 C:\wamp64\www\dpi_ci4\system\View\View.php(213): CodeIgniter\View\View->CodeIgniter\View\{closure}()
#11 C:\wamp64\www\dpi_ci4\system\Common.php(1089): CodeIgniter\View\View->render('template', Array, true)
#12 C:\wamp64\www\dpi_ci4\app\Controllers\Servicios.php(9): view('template', Array)
#13 C:\wamp64\www\dpi_ci4\system\CodeIgniter.php(832): App\Controllers\Servicios->index()
#14 C:\wamp64\www\dpi_ci4\system\CodeIgniter.php(419): CodeIgniter\CodeIgniter->runController(Object(App\Controllers\Servicios))
#15 C:\wamp64\www\dpi_ci4\system\CodeIgniter.php(326): CodeIgniter\CodeIgniter->handleRequest(NULL, Object(Config\Cache), false)
#16 C:\wamp64\www\dpi_ci4\index.php(37): CodeIgniter\CodeIgniter->run()
#17 {main}
CRITICAL - 2022-03-19 18:08:10 --> Undefined variable: pilar_activo
#0 C:\wamp64\www\dpi_ci4\app\Views\includes\pilares.php(4): CodeIgniter\Debug\Exceptions->errorHandler(8, 'Undefined varia...', 'C:\\wamp64\\www\\d...', 4, Array)
#1 C:\wamp64\www\dpi_ci4\system\View\View.php(210): include('C:\\wamp64\\www\\d...')
#2 C:\wamp64\www\dpi_ci4\system\View\View.php(213): CodeIgniter\View\View->CodeIgniter\View\{closure}()
#3 C:\wamp64\www\dpi_ci4\system\Common.php(1089): CodeIgniter\View\View->render('includes/pilare...', Array, true)
#4 C:\wamp64\www\dpi_ci4\app\Views\servicios.php(8): view('includes/pilare...')
#5 C:\wamp64\www\dpi_ci4\system\View\View.php(210): include('C:\\wamp64\\www\\d...')
#6 C:\wamp64\www\dpi_ci4\system\View\View.php(213): CodeIgniter\View\View->CodeIgniter\View\{closure}()
#7 C:\wamp64\www\dpi_ci4\system\Common.php(1089): CodeIgniter\View\View->render('servicios', Array, true)
#8 C:\wamp64\www\dpi_ci4\app\Views\template.php(25): view('servicios')
#9 C:\wamp64\www\dpi_ci4\system\View\View.php(210): include('C:\\wamp64\\www\\d...')
#10 C:\wamp64\www\dpi_ci4\system\View\View.php(213): CodeIgniter\View\View->CodeIgniter\View\{closure}()
#11 C:\wamp64\www\dpi_ci4\system\Common.php(1089): CodeIgniter\View\View->render('template', Array, true)
#12 C:\wamp64\www\dpi_ci4\app\Controllers\Servicios.php(9): view('template', Array)
#13 C:\wamp64\www\dpi_ci4\system\CodeIgniter.php(832): App\Controllers\Servicios->index()
#14 C:\wamp64\www\dpi_ci4\system\CodeIgniter.php(419): CodeIgniter\CodeIgniter->runController(Object(App\Controllers\Servicios))
#15 C:\wamp64\www\dpi_ci4\system\CodeIgniter.php(326): CodeIgniter\CodeIgniter->handleRequest(NULL, Object(Config\Cache), false)
#16 C:\wamp64\www\dpi_ci4\index.php(37): CodeIgniter\CodeIgniter->run()
#17 {main}
CRITICAL - 2022-03-19 20:42:58 --> Invalid file: sueldos.php
#0 C:\wamp64\www\dpi_ci4\system\View\View.php(198): CodeIgniter\Exceptions\FrameworkException::forInvalidFile('sueldos.php')
#1 C:\wamp64\www\dpi_ci4\system\Common.php(1089): CodeIgniter\View\View->render('sueldos', Array, true)
#2 C:\wamp64\www\dpi_ci4\app\Views\template.php(25): view('sueldos')
#3 C:\wamp64\www\dpi_ci4\system\View\View.php(210): include('C:\\wamp64\\www\\d...')
#4 C:\wamp64\www\dpi_ci4\system\View\View.php(213): CodeIgniter\View\View->CodeIgniter\View\{closure}()
#5 C:\wamp64\www\dpi_ci4\system\Common.php(1089): CodeIgniter\View\View->render('template', Array, true)
#6 C:\wamp64\www\dpi_ci4\app\Controllers\Servicios.php(14): view('template', Array)
#7 C:\wamp64\www\dpi_ci4\system\CodeIgniter.php(832): App\Controllers\Servicios->sueldos()
#8 C:\wamp64\www\dpi_ci4\system\CodeIgniter.php(419): CodeIgniter\CodeIgniter->runController(Object(App\Controllers\Servicios))
#9 C:\wamp64\www\dpi_ci4\system\CodeIgniter.php(326): CodeIgniter\CodeIgniter->handleRequest(NULL, Object(Config\Cache), false)
#10 C:\wamp64\www\dpi_ci4\index.php(37): CodeIgniter\CodeIgniter->run()
#11 {main}
